This file contains any messages produced by compilers while
running configure, to aid debugging if configure makes a mistake.

It was created by configure, which was
generated by GNU Autoconf 2.63.  Invocation command line was

  $ ./configure --prefix /opt/t38modem

## --------- ##
## Platform. ##
## --------- ##

hostname = mcserver
uname -m = x86_64
uname -r = 2.6.32-5-amd64
uname -s = Linux
uname -v = #1 SMP Thu Mar 22 17:26:33 UTC 2012

/usr/bin/uname -p = unknown
/bin/uname -X     = unknown

/bin/arch              = unknown
/usr/bin/arch -k       = unknown
/usr/convex/getsysinfo = unknown
/usr/bin/hostinfo      = unknown
/bin/machine           = unknown
/usr/bin/oslevel       = unknown
/bin/universe          = unknown

PATH: /usr/local/sbin
PATH: /usr/local/bin
PATH: /usr/sbin
PATH: /usr/bin
PATH: /sbin
PATH: /bin
PATH: /opt/dell/srvadmin/bin
PATH: /opt/dell/srvadmin/sbin


## ----------- ##
## Core tests. ##
## ----------- ##

configure:2050: checking for pkg-config
configure:2068: found /usr/bin/pkg-config
configure:2080: result: /usr/bin/pkg-config
configure:2105: checking pkg-config is at least version 0.9.0
configure:2108: result: yes
configure:2275: checking for g++
configure:2291: found /usr/bin/g++
configure:2302: result: g++
configure:2329: checking for C++ compiler version
configure:2337: g++ --version >&5
g++ (Debian 4.4.5-8) 4.4.5
Copyright (C) 2010 Free Software Foundation, Inc.
This is free software; see the source for copying conditions.  There is NO
warranty; not even for MERCHANTABILITY or FITNESS FOR A PARTICULAR PURPOSE.

configure:2341: $? = 0
configure:2348: g++ -v >&5
Using built-in specs.
Target: x86_64-linux-gnu
Configured with: ../src/configure -v --with-pkgversion='Debian 4.4.5-8' --with-bugurl=file:///usr/share/doc/gcc-4.4/README.Bugs --enable-languages=c,c++,fortran,objc,obj-c++ --prefix=/usr --program-suffix=-4.4 --enable-shared --enable-multiarch --enable-linker-build-id --with-system-zlib --libexecdir=/usr/lib --without-included-gettext --enable-threads=posix --with-gxx-include-dir=/usr/include/c++/4.4 --libdir=/usr/lib --enable-nls --enable-clocale=gnu --enable-libstdcxx-debug --enable-objc-gc --with-arch-32=i586 --with-tune=generic --enable-checking=release --build=x86_64-linux-gnu --host=x86_64-linux-gnu --target=x86_64-linux-gnu
Thread model: posix
gcc version 4.4.5 (Debian 4.4.5-8) 
configure:2352: $? = 0
configure:2359: g++ -V >&5
g++: '-V' option must have argument
configure:2363: $? = 1
configure:2386: checking for C++ compiler default output file name
configure:2408: g++    conftest.cpp  >&5
configure:2412: $? = 0
configure:2450: result: a.out
configure:2469: checking whether the C++ compiler works
configure:2479: ./a.out
configure:2483: $? = 0
configure:2502: result: yes
configure:2509: checking whether we are cross compiling
configure:2511: result: no
configure:2514: checking for suffix of executables
configure:2521: g++ -o conftest    conftest.cpp  >&5
configure:2525: $? = 0
configure:2551: result: 
configure:2557: checking for suffix of object files
configure:2583: g++ -c   conftest.cpp >&5
configure:2587: $? = 0
configure:2612: result: o
configure:2616: checking whether we are using the GNU C++ compiler
configure:2645: g++ -c   conftest.cpp >&5
configure:2652: $? = 0
configure:2669: result: yes
configure:2678: checking whether g++ accepts -g
configure:2708: g++ -c -g  conftest.cpp >&5
configure:2715: $? = 0
configure:2816: result: yes
configure:2887: checking for gcc
configure:2903: found /usr/bin/gcc
configure:2914: result: gcc
configure:3146: checking for C compiler version
configure:3154: gcc --version >&5
gcc (Debian 4.4.5-8) 4.4.5
Copyright (C) 2010 Free Software Foundation, Inc.
This is free software; see the source for copying conditions.  There is NO
warranty; not even for MERCHANTABILITY or FITNESS FOR A PARTICULAR PURPOSE.

configure:3158: $? = 0
configure:3165: gcc -v >&5
Using built-in specs.
Target: x86_64-linux-gnu
Configured with: ../src/configure -v --with-pkgversion='Debian 4.4.5-8' --with-bugurl=file:///usr/share/doc/gcc-4.4/README.Bugs --enable-languages=c,c++,fortran,objc,obj-c++ --prefix=/usr --program-suffix=-4.4 --enable-shared --enable-multiarch --enable-linker-build-id --with-system-zlib --libexecdir=/usr/lib --without-included-gettext --enable-threads=posix --with-gxx-include-dir=/usr/include/c++/4.4 --libdir=/usr/lib --enable-nls --enable-clocale=gnu --enable-libstdcxx-debug --enable-objc-gc --with-arch-32=i586 --with-tune=generic --enable-checking=release --build=x86_64-linux-gnu --host=x86_64-linux-gnu --target=x86_64-linux-gnu
Thread model: posix
gcc version 4.4.5 (Debian 4.4.5-8) 
configure:3169: $? = 0
configure:3176: gcc -V >&5
gcc: '-V' option must have argument
configure:3180: $? = 1
configure:3183: checking whether we are using the GNU C compiler
configure:3212: gcc -c   conftest.c >&5
configure:3219: $? = 0
configure:3236: result: yes
configure:3245: checking whether gcc accepts -g
configure:3275: gcc -c -g  conftest.c >&5
configure:3282: $? = 0
configure:3383: result: yes
configure:3400: checking for gcc option to accept ISO C89
configure:3474: gcc  -c   conftest.c >&5
configure:3481: $? = 0
configure:3504: result: none needed
configure:3567: checking for a BSD-compatible install
configure:3635: result: /usr/bin/install -c
configure:3689: checking for ranlib
configure:3705: found /usr/bin/ranlib
configure:3716: result: ranlib
configure:3744: checking how to run the C preprocessor
configure:3784: gcc -E  conftest.c
configure:3791: $? = 0
configure:3822: gcc -E  conftest.c
conftest.c:8:28: error: ac_nonexistent.h: No such file or directory
configure:3829: $? = 1
configure: failed program was:
| /* confdefs.h.  */
| #define PACKAGE_NAME ""
| #define PACKAGE_TARNAME ""
| #define PACKAGE_VERSION ""
| #define PACKAGE_STRING ""
| #define PACKAGE_BUGREPORT ""
| /* end confdefs.h.  */
| #include <ac_nonexistent.h>
configure:3862: result: gcc -E
configure:3891: gcc -E  conftest.c
configure:3898: $? = 0
configure:3929: gcc -E  conftest.c
conftest.c:8:28: error: ac_nonexistent.h: No such file or directory
configure:3936: $? = 1
configure: failed program was:
| /* confdefs.h.  */
| #define PACKAGE_NAME ""
| #define PACKAGE_TARNAME ""
| #define PACKAGE_VERSION ""
| #define PACKAGE_STRING ""
| #define PACKAGE_BUGREPORT ""
| /* end confdefs.h.  */
| #include <ac_nonexistent.h>
configure:3976: checking for grep that handles long lines and -e
configure:4036: result: /bin/grep
configure:4041: checking for egrep
configure:4105: result: /bin/grep -E
configure:4110: checking for ANSI C header files
configure:4140: gcc -c   conftest.c >&5
configure:4147: $? = 0
configure:4246: gcc -o conftest    conftest.c  >&5
configure:4250: $? = 0
configure:4256: ./conftest
configure:4260: $? = 0
configure:4278: result: yes
configure:4331: checking for ar
configure:4347: found /usr/bin/ar
configure:4358: result: ar
configure:4385: gcc version is 4.4.5
configure:4391: checking if gcc version is valid
configure:4400: result: yes
configure:4434: gcc -o conftest    conftest.c  >&5
configure:4438: $? = 0
configure:4444: ./conftest
configure:4448: $? = 0
configure:4465: checking for working bit scan intrinsic
configure:4467: result: yes
configure:4577: Opal version is 3.9.0
configure:4585: checking where plugins are being installed
configure:4613: result: /opt/t38modem/lib/opal-3.9.0
configure:4646: checking wether to build a shared library
configure:4648: result: yes
configure:4668: checking build system type
configure:4686: result: x86_64-unknown-linux-gnu
configure:4708: checking host system type
configure:4723: result: x86_64-unknown-linux-gnu
configure:4745: checking target system type
configure:4760: result: x86_64-unknown-linux-gnu
configure:5254: checking Debugging support
configure:5256: result: no
configure:5327: checking for PTLIB
configure:5334: $PKG_CONFIG --exists --print-errors "ptlib >= ${PTLIB_REC_VERSION}"
configure:5337: $? = 0
configure:5350: $PKG_CONFIG --exists --print-errors "ptlib >= ${PTLIB_REC_VERSION}"
configure:5353: $? = 0
configure:5430: result: yes
configure:5571: checking ptlib version
configure:5573: result: 2.9.0
configure:5605: g++ -o conftest  -Wall -Wextra -Wstrict-aliasing -Wfloat-equal -Wno-comment -Wno-unused -Winit-self -Wno-missing-field-initializers -fPIC -DP_64BIT -DPTRACING=1 -D_REENTRANT -fno-exceptions -I/opt/t38modem/include   -felide-constructors -Wreorder -DP_64BIT -DPTRACING=1 -D_REENTRANT -fno-exceptions -I/opt/t38modem/include   -felide-constructors -Wreorder   conftest.cpp  -L/opt/t38modem/lib -lpt   >&5
configure:5612: $? = 0
configure:5678: g++ -o conftest  -Wall -Wextra -Wstrict-aliasing -Wfloat-equal -Wno-comment -Wno-unused -Winit-self -Wno-missing-field-initializers -fPIC -DP_64BIT -DPTRACING=1 -D_REENTRANT -fno-exceptions -I/opt/t38modem/include   -felide-constructors -Wreorder -DP_64BIT -DPTRACING=1 -D_REENTRANT -fno-exceptions -I/opt/t38modem/include   -felide-constructors -Wreorder   conftest.cpp  -L/opt/t38modem/lib -lpt   >&5
configure:5685: $? = 0
configure:5709: checking PTLIB has URL
configure:5711: result: yes
configure:5755: g++ -o conftest  -Wall -Wextra -Wstrict-aliasing -Wfloat-equal -Wno-comment -Wno-unused -Winit-self -Wno-missing-field-initializers -fPIC -DP_64BIT -DPTRACING=1 -D_REENTRANT -fno-exceptions -I/opt/t38modem/include   -felide-constructors -Wreorder -DP_64BIT -DPTRACING=1 -D_REENTRANT -fno-exceptions -I/opt/t38modem/include   -felide-constructors -Wreorder   conftest.cpp  -L/opt/t38modem/lib -lpt   >&5
configure:5762: $? = 0
configure:5786: checking PTLIB has STUN
configure:5788: result: yes
configure:5833: g++ -o conftest  -Wall -Wextra -Wstrict-aliasing -Wfloat-equal -Wno-comment -Wno-unused -Winit-self -Wno-missing-field-initializers -fPIC -DP_64BIT -DPTRACING=1 -D_REENTRANT -fno-exceptions -I/opt/t38modem/include   -felide-constructors -Wreorder -DP_64BIT -DPTRACING=1 -D_REENTRANT -fno-exceptions -I/opt/t38modem/include   -felide-constructors -Wreorder   conftest.cpp  -L/opt/t38modem/lib -lpt   >&5
/tmp/cci8nCkA.o: In function `main':
conftest.cpp:(.text+0x1a): undefined reference to `PSSLContext::PSSLContext(void const*, int)'
conftest.cpp:(.text+0x26): undefined reference to `PSSLContext::~PSSLContext()'
collect2: ld returned 1 exit status
configure:5840: $? = 1
configure: failed program was:
| 
|                           #include <ptbuildopts.h>
|                           #include <ptlib.h>
|                           #include <ptclib/pssl.h>
| 
|                           int main()
|                           {
|                             PSSLContext ctx;
|                           }
| 
configure:5864: checking PTLIB has SSL
configure:5866: result: no
configure:5916: g++ -o conftest  -Wall -Wextra -Wstrict-aliasing -Wfloat-equal -Wno-comment -Wno-unused -Winit-self -Wno-missing-field-initializers -fPIC -DP_64BIT -DPTRACING=1 -D_REENTRANT -fno-exceptions -I/opt/t38modem/include   -felide-constructors -Wreorder -DP_64BIT -DPTRACING=1 -D_REENTRANT -fno-exceptions -I/opt/t38modem/include   -felide-constructors -Wreorder   conftest.cpp  -L/opt/t38modem/lib -lpt   >&5
configure:5923: $? = 0
configure:5947: checking PTLIB has ASN.1
configure:5949: result: yes
configure:5999: g++ -o conftest  -Wall -Wextra -Wstrict-aliasing -Wfloat-equal -Wno-comment -Wno-unused -Winit-self -Wno-missing-field-initializers -fPIC -DP_64BIT -DPTRACING=1 -D_REENTRANT -fno-exceptions -I/opt/t38modem/include   -felide-constructors -Wreorder -DP_64BIT -DPTRACING=1 -D_REENTRANT -fno-exceptions -I/opt/t38modem/include   -felide-constructors -Wreorder   conftest.cpp  -L/opt/t38modem/lib -lpt   >&5
configure:6006: $? = 0
configure:6030: checking PTLIB has expat
configure:6032: result: yes
configure:6082: g++ -o conftest  -Wall -Wextra -Wstrict-aliasing -Wfloat-equal -Wno-comment -Wno-unused -Winit-self -Wno-missing-field-initializers -fPIC -DP_64BIT -DPTRACING=1 -D_REENTRANT -fno-exceptions -I/opt/t38modem/include   -felide-constructors -Wreorder -DP_64BIT -DPTRACING=1 -D_REENTRANT -fno-exceptions -I/opt/t38modem/include   -felide-constructors -Wreorder   conftest.cpp  -L/opt/t38modem/lib -lpt   >&5
configure:6089: $? = 0
configure:6113: checking PTLIB has video
configure:6115: result: yes
configure:6165: g++ -o conftest  -Wall -Wextra -Wstrict-aliasing -Wfloat-equal -Wno-comment -Wno-unused -Winit-self -Wno-missing-field-initializers -fPIC -DP_64BIT -DPTRACING=1 -D_REENTRANT -fno-exceptions -I/opt/t38modem/include   -felide-constructors -Wreorder -DP_64BIT -DPTRACING=1 -D_REENTRANT -fno-exceptions -I/opt/t38modem/include   -felide-constructors -Wreorder   conftest.cpp  -L/opt/t38modem/lib -lpt   >&5
configure:6172: $? = 0
configure:6196: checking PTLIB has wavfile
configure:6198: result: yes
configure:6248: g++ -o conftest  -Wall -Wextra -Wstrict-aliasing -Wfloat-equal -Wno-comment -Wno-unused -Winit-self -Wno-missing-field-initializers -fPIC -DP_64BIT -DPTRACING=1 -D_REENTRANT -fno-exceptions -I/opt/t38modem/include   -felide-constructors -Wreorder -DP_64BIT -DPTRACING=1 -D_REENTRANT -fno-exceptions -I/opt/t38modem/include   -felide-constructors -Wreorder   conftest.cpp  -L/opt/t38modem/lib -lpt   >&5
configure:6255: $? = 0
configure:6279: checking PTLIB has vxml
configure:6281: result: yes
configure:6331: g++ -o conftest  -Wall -Wextra -Wstrict-aliasing -Wfloat-equal -Wno-comment -Wno-unused -Winit-self -Wno-missing-field-initializers -fPIC -DP_64BIT -DPTRACING=1 -D_REENTRANT -fno-exceptions -I/opt/t38modem/include   -felide-constructors -Wreorder -DP_64BIT -DPTRACING=1 -D_REENTRANT -fno-exceptions -I/opt/t38modem/include   -felide-constructors -Wreorder   conftest.cpp  -L/opt/t38modem/lib -lpt   >&5
configure:6338: $? = 0
configure:6362: checking PTLIB has ipv6
configure:6364: result: yes
configure:6414: g++ -o conftest  -Wall -Wextra -Wstrict-aliasing -Wfloat-equal -Wno-comment -Wno-unused -Winit-self -Wno-missing-field-initializers -fPIC -DP_64BIT -DPTRACING=1 -D_REENTRANT -fno-exceptions -I/opt/t38modem/include   -felide-constructors -Wreorder -DP_64BIT -DPTRACING=1 -D_REENTRANT -fno-exceptions -I/opt/t38modem/include   -felide-constructors -Wreorder   conftest.cpp  -L/opt/t38modem/lib -lpt   >&5
configure:6421: $? = 0
configure:6445: checking PTLIB has dtmf
configure:6447: result: yes
configure:6497: g++ -o conftest  -Wall -Wextra -Wstrict-aliasing -Wfloat-equal -Wno-comment -Wno-unused -Winit-self -Wno-missing-field-initializers -fPIC -DP_64BIT -DPTRACING=1 -D_REENTRANT -fno-exceptions -I/opt/t38modem/include   -felide-constructors -Wreorder -DP_64BIT -DPTRACING=1 -D_REENTRANT -fno-exceptions -I/opt/t38modem/include   -felide-constructors -Wreorder   conftest.cpp  -L/opt/t38modem/lib -lpt   >&5
conftest.cpp: In function 'int main()':
conftest.cpp:8: error: 'PLDAPSession' was not declared in this scope
conftest.cpp:8: error: expected ';' before 'session'
configure:6504: $? = 1
configure: failed program was:
| 
|                           #include <ptbuildopts.h>
|                           #include <ptlib.h>
|                           #include <ptclib/pldap.h>
| 
|                           int main()
|                           {
|                             PLDAPSession session;
|                           }
| 
configure:6528: checking PTLIB has ldap
configure:6530: result: no
configure:6580: g++ -o conftest  -Wall -Wextra -Wstrict-aliasing -Wfloat-equal -Wno-comment -Wno-unused -Winit-self -Wno-missing-field-initializers -fPIC -DP_64BIT -DPTRACING=1 -D_REENTRANT -fno-exceptions -I/opt/t38modem/include   -felide-constructors -Wreorder -DP_64BIT -DPTRACING=1 -D_REENTRANT -fno-exceptions -I/opt/t38modem/include   -felide-constructors -Wreorder   conftest.cpp  -L/opt/t38modem/lib -lpt   >&5
configure:6587: $? = 0
configure:6611: checking PTLIB has dns
configure:6613: result: yes
configure:6663: g++ -o conftest  -Wall -Wextra -Wstrict-aliasing -Wfloat-equal -Wno-comment -Wno-unused -Winit-self -Wno-missing-field-initializers -fPIC -DP_64BIT -DPTRACING=1 -D_REENTRANT -fno-exceptions -I/opt/t38modem/include   -felide-constructors -Wreorder -DP_64BIT -DPTRACING=1 -D_REENTRANT -fno-exceptions -I/opt/t38modem/include   -felide-constructors -Wreorder   conftest.cpp  -L/opt/t38modem/lib -lpt   >&5
configure:6670: $? = 0
configure:6694: checking PTLIB has audio
configure:6696: result: yes
configure:6746: g++ -o conftest  -Wall -Wextra -Wstrict-aliasing -Wfloat-equal -Wno-comment -Wno-unused -Winit-self -Wno-missing-field-initializers -fPIC -DP_64BIT -DPTRACING=1 -D_REENTRANT -fno-exceptions -I/opt/t38modem/include   -felide-constructors -Wreorder -DP_64BIT -DPTRACING=1 -D_REENTRANT -fno-exceptions -I/opt/t38modem/include   -felide-constructors -Wreorder   conftest.cpp  -L/opt/t38modem/lib -lpt   >&5
configure:6753: $? = 0
configure:6777: checking PTLIB has config
configure:6779: result: yes
configure:6832: g++ -c  -Wall -Wextra -Wstrict-aliasing -Wfloat-equal -Wno-comment -Wno-unused -Winit-self -Wno-missing-field-initializers -fPIC -DP_64BIT -DPTRACING=1 -D_REENTRANT -fno-exceptions -I/opt/t38modem/include   -felide-constructors -Wreorder -DP_64BIT -DPTRACING=1 -D_REENTRANT -fno-exceptions -I/opt/t38modem/include   -felide-constructors -Wreorder  conftest.cpp >&5
conftest.cpp:36:14: error: #error "P_SSL_AES not defined"
configure:6839: $? = 1
configure: failed program was:
| /* confdefs.h.  */
| #define PACKAGE_NAME ""
| #define PACKAGE_TARNAME ""
| #define PACKAGE_VERSION ""
| #define PACKAGE_STRING ""
| #define PACKAGE_BUGREPORT ""
| #define STDC_HEADERS 1
| #define GCC_HAS_CLZ 1
| #define OPAL_MAJOR 3
| #define OPAL_MINOR 9
| #define OPAL_BUILD 0
| #define OPAL_VERSION "3.9.0"
| #define OPAL_PLUGIN_DIR "/opt/t38modem/lib/opal-3.9.0"
| #define OPAL_SHARED_LIB 1
| #define OPAL_PTLIB_ASN 1
| #define OPAL_PTLIB_EXPAT 1
| #define OPAL_PTLIB_VIDEO 1
| #define OPAL_PTLIB_WAVFILE 1
| #define OPAL_PTLIB_VXML 1
| #define OPAL_PTLIB_IPV6 1
| #define OPAL_PTLIB_DTMF 1
| #define OPAL_PTLIB_DNS 1
| #define OPAL_PTLIB_AUDIO 1
| #define OPAL_PTLIB_CONFIG_FILE 1
| /* end confdefs.h.  */
| 
| 			  #include <ptbuildopts.h>
| 			  #include <ptlib.h>
| 			  #include <iostream>
| 
| int
| main ()
| {
| 
|                           #ifndef P_SSL_AES
| 		          #error "P_SSL_AES not defined"
| 		          #endif
| 
|   ;
|   return 0;
| }
configure:6857: checking PTLIB has option ssl/aes
configure:6859: result: no
configure:6892: checking for sys/types.h
configure:6913: g++ -c  -Wall -Wextra -Wstrict-aliasing -Wfloat-equal -Wno-comment -Wno-unused -Winit-self -Wno-missing-field-initializers -fPIC -DP_64BIT -DPTRACING=1 -D_REENTRANT -fno-exceptions -I/opt/t38modem/include   -felide-constructors -Wreorder  conftest.cpp >&5
configure:6920: $? = 0
configure:6937: result: yes
configure:6892: checking for sys/stat.h
configure:6913: g++ -c  -Wall -Wextra -Wstrict-aliasing -Wfloat-equal -Wno-comment -Wno-unused -Winit-self -Wno-missing-field-initializers -fPIC -DP_64BIT -DPTRACING=1 -D_REENTRANT -fno-exceptions -I/opt/t38modem/include   -felide-constructors -Wreorder  conftest.cpp >&5
configure:6920: $? = 0
configure:6937: result: yes
configure:6892: checking for stdlib.h
configure:6913: g++ -c  -Wall -Wextra -Wstrict-aliasing -Wfloat-equal -Wno-comment -Wno-unused -Winit-self -Wno-missing-field-initializers -fPIC -DP_64BIT -DPTRACING=1 -D_REENTRANT -fno-exceptions -I/opt/t38modem/include   -felide-constructors -Wreorder  conftest.cpp >&5
configure:6920: $? = 0
configure:6937: result: yes
configure:6892: checking for string.h
configure:6913: g++ -c  -Wall -Wextra -Wstrict-aliasing -Wfloat-equal -Wno-comment -Wno-unused -Winit-self -Wno-missing-field-initializers -fPIC -DP_64BIT -DPTRACING=1 -D_REENTRANT -fno-exceptions -I/opt/t38modem/include   -felide-constructors -Wreorder  conftest.cpp >&5
configure:6920: $? = 0
configure:6937: result: yes
configure:6892: checking for memory.h
configure:6913: g++ -c  -Wall -Wextra -Wstrict-aliasing -Wfloat-equal -Wno-comment -Wno-unused -Winit-self -Wno-missing-field-initializers -fPIC -DP_64BIT -DPTRACING=1 -D_REENTRANT -fno-exceptions -I/opt/t38modem/include   -felide-constructors -Wreorder  conftest.cpp >&5
configure:6920: $? = 0
configure:6937: result: yes
configure:6892: checking for strings.h
configure:6913: g++ -c  -Wall -Wextra -Wstrict-aliasing -Wfloat-equal -Wno-comment -Wno-unused -Winit-self -Wno-missing-field-initializers -fPIC -DP_64BIT -DPTRACING=1 -D_REENTRANT -fno-exceptions -I/opt/t38modem/include   -felide-constructors -Wreorder  conftest.cpp >&5
configure:6920: $? = 0
configure:6937: result: yes
configure:6892: checking for inttypes.h
configure:6913: g++ -c  -Wall -Wextra -Wstrict-aliasing -Wfloat-equal -Wno-comment -Wno-unused -Winit-self -Wno-missing-field-initializers -fPIC -DP_64BIT -DPTRACING=1 -D_REENTRANT -fno-exceptions -I/opt/t38modem/include   -felide-constructors -Wreorder  conftest.cpp >&5
configure:6920: $? = 0
configure:6937: result: yes
configure:6892: checking for stdint.h
configure:6913: g++ -c  -Wall -Wextra -Wstrict-aliasing -Wfloat-equal -Wno-comment -Wno-unused -Winit-self -Wno-missing-field-initializers -fPIC -DP_64BIT -DPTRACING=1 -D_REENTRANT -fno-exceptions -I/opt/t38modem/include   -felide-constructors -Wreorder  conftest.cpp >&5
configure:6920: $? = 0
configure:6937: result: yes
configure:6892: checking for unistd.h
configure:6913: g++ -c  -Wall -Wextra -Wstrict-aliasing -Wfloat-equal -Wno-comment -Wno-unused -Winit-self -Wno-missing-field-initializers -fPIC -DP_64BIT -DPTRACING=1 -D_REENTRANT -fno-exceptions -I/opt/t38modem/include   -felide-constructors -Wreorder  conftest.cpp >&5
configure:6920: $? = 0
configure:6937: result: yes
configure:6956: checking how to run the C++ preprocessor
configure:6992: g++ -E  conftest.cpp
configure:6999: $? = 0
configure:7030: g++ -E  conftest.cpp
conftest.cpp:35:28: error: ac_nonexistent.h: No such file or directory
configure:7037: $? = 1
configure: failed program was:
| /* confdefs.h.  */
| #define PACKAGE_NAME ""
| #define PACKAGE_TARNAME ""
| #define PACKAGE_VERSION ""
| #define PACKAGE_STRING ""
| #define PACKAGE_BUGREPORT ""
| #define STDC_HEADERS 1
| #define GCC_HAS_CLZ 1
| #define OPAL_MAJOR 3
| #define OPAL_MINOR 9
| #define OPAL_BUILD 0
| #define OPAL_VERSION "3.9.0"
| #define OPAL_PLUGIN_DIR "/opt/t38modem/lib/opal-3.9.0"
| #define OPAL_SHARED_LIB 1
| #define OPAL_PTLIB_ASN 1
| #define OPAL_PTLIB_EXPAT 1
| #define OPAL_PTLIB_VIDEO 1
| #define OPAL_PTLIB_WAVFILE 1
| #define OPAL_PTLIB_VXML 1
| #define OPAL_PTLIB_IPV6 1
| #define OPAL_PTLIB_DTMF 1
| #define OPAL_PTLIB_DNS 1
| #define OPAL_PTLIB_AUDIO 1
| #define OPAL_PTLIB_CONFIG_FILE 1
| #define HAVE_SYS_TYPES_H 1
| #define HAVE_SYS_STAT_H 1
| #define HAVE_STDLIB_H 1
| #define HAVE_STRING_H 1
| #define HAVE_MEMORY_H 1
| #define HAVE_STRINGS_H 1
| #define HAVE_INTTYPES_H 1
| #define HAVE_STDINT_H 1
| #define HAVE_UNISTD_H 1
| /* end confdefs.h.  */
| #include <ac_nonexistent.h>
configure:7070: result: g++ -E
configure:7099: g++ -E  conftest.cpp
configure:7106: $? = 0
configure:7137: g++ -E  conftest.cpp
conftest.cpp:35:28: error: ac_nonexistent.h: No such file or directory
configure:7144: $? = 1
configure: failed program was:
| /* confdefs.h.  */
| #define PACKAGE_NAME ""
| #define PACKAGE_TARNAME ""
| #define PACKAGE_VERSION ""
| #define PACKAGE_STRING ""
| #define PACKAGE_BUGREPORT ""
| #define STDC_HEADERS 1
| #define GCC_HAS_CLZ 1
| #define OPAL_MAJOR 3
| #define OPAL_MINOR 9
| #define OPAL_BUILD 0
| #define OPAL_VERSION "3.9.0"
| #define OPAL_PLUGIN_DIR "/opt/t38modem/lib/opal-3.9.0"
| #define OPAL_SHARED_LIB 1
| #define OPAL_PTLIB_ASN 1
| #define OPAL_PTLIB_EXPAT 1
| #define OPAL_PTLIB_VIDEO 1
| #define OPAL_PTLIB_WAVFILE 1
| #define OPAL_PTLIB_VXML 1
| #define OPAL_PTLIB_IPV6 1
| #define OPAL_PTLIB_DTMF 1
| #define OPAL_PTLIB_DNS 1
| #define OPAL_PTLIB_AUDIO 1
| #define OPAL_PTLIB_CONFIG_FILE 1
| #define HAVE_SYS_TYPES_H 1
| #define HAVE_SYS_STAT_H 1
| #define HAVE_STDLIB_H 1
| #define HAVE_STRING_H 1
| #define HAVE_MEMORY_H 1
| #define HAVE_STRINGS_H 1
| #define HAVE_INTTYPES_H 1
| #define HAVE_STDINT_H 1
| #define HAVE_UNISTD_H 1
| /* end confdefs.h.  */
| #include <ac_nonexistent.h>
configure:7202: checking dlfcn.h usability
configure:7219: g++ -c  -Wall -Wextra -Wstrict-aliasing -Wfloat-equal -Wno-comment -Wno-unused -Winit-self -Wno-missing-field-initializers -fPIC -DP_64BIT -DPTRACING=1 -D_REENTRANT -fno-exceptions -I/opt/t38modem/include   -felide-constructors -Wreorder  conftest.cpp >&5
configure:7226: $? = 0
configure:7240: result: yes
configure:7244: checking dlfcn.h presence
configure:7259: g++ -E  conftest.cpp
configure:7266: $? = 0
configure:7280: result: yes
configure:7308: checking for dlfcn.h
configure:7317: result: yes
configure:7335: checking if dlopen is available
configure:7364: gcc -c  -Wall -Wextra -Wstrict-aliasing -Wfloat-equal -Wno-comment -Wno-unused -Winit-self -Wno-missing-field-initializers -fPIC -DP_64BIT -DPTRACING=1 -D_REENTRANT -fno-exceptions -I/opt/t38modem/include    conftest.c >&5
configure:7371: $? = 0
configure:7389: result: yes
configure:7469: checking for dlopen in -ldl
configure:7504: gcc -o conftest  -Wall -Wextra -Wstrict-aliasing -Wfloat-equal -Wno-comment -Wno-unused -Winit-self -Wno-missing-field-initializers -fPIC -DP_64BIT -DPTRACING=1 -D_REENTRANT -fno-exceptions -I/opt/t38modem/include     conftest.c -ldl   >&5
configure:7511: $? = 0
configure:7532: result: yes
configure:7581: checking size of short
configure:7886: gcc -o conftest    conftest.c  >&5
configure:7890: $? = 0
configure:7896: ./conftest
configure:7900: $? = 0
configure:7926: result: 2
configure:7940: checking size of int
configure:8245: gcc -o conftest    conftest.c  >&5
configure:8249: $? = 0
configure:8255: ./conftest
configure:8259: $? = 0
configure:8285: result: 4
configure:8299: checking size of long
configure:8604: gcc -o conftest    conftest.c  >&5
configure:8608: $? = 0
configure:8614: ./conftest
configure:8618: $? = 0
configure:8644: result: 8
configure:8658: checking size of long long
configure:8963: gcc -o conftest    conftest.c  >&5
configure:8967: $? = 0
configure:8973: ./conftest
configure:8977: $? = 0
configure:9003: result: 8
configure:9043: checking for SPEEXDSP
configure:9050: $PKG_CONFIG --exists --print-errors "speexdsp"
Package speexdsp was not found in the pkg-config search path.
Perhaps you should add the directory containing `speexdsp.pc'
to the PKG_CONFIG_PATH environment variable
No package 'speexdsp' found
configure:9053: $? = 1
configure:9066: $PKG_CONFIG --exists --print-errors "speexdsp"
Package speexdsp was not found in the pkg-config search path.
Perhaps you should add the directory containing `speexdsp.pc'
to the PKG_CONFIG_PATH environment variable
No package 'speexdsp' found
configure:9069: $? = 1
No package 'speexdsp' found
configure:9096: result: no
configure:9099: result: System Speex DSP library not found
configure:9620: checking ZRTP protocol support
configure:9622: result: no
configure:9679: gcc -c  -Wall -Wextra -Wstrict-aliasing -Wfloat-equal -Wno-comment -Wno-unused -Winit-self -Wno-missing-field-initializers -fPIC -DP_64BIT -DPTRACING=1 -D_REENTRANT -fno-exceptions -I/opt/t38modem/include     conftest.c >&5
conftest.c:41:23: error: srtp/srtp.h: No such file or directory
conftest.c: In function 'main':
conftest.c:46: error: 'crypto_policy_t' undeclared (first use in this function)
conftest.c:46: error: (Each undeclared identifier is reported only once
conftest.c:46: error: for each function it appears in.)
conftest.c:46: error: expected ';' before 'p'
conftest.c:46: error: 'p' undeclared (first use in this function)
conftest.c:46: error: 'SRTP_MASTER_KEY_LEN' undeclared (first use in this function)
configure:9686: $? = 1
configure: failed program was:
| 
|                              /* confdefs.h.  */
| #define PACKAGE_NAME ""
| #define PACKAGE_TARNAME ""
| #define PACKAGE_VERSION ""
| #define PACKAGE_STRING ""
| #define PACKAGE_BUGREPORT ""
| #define STDC_HEADERS 1
| #define GCC_HAS_CLZ 1
| #define OPAL_MAJOR 3
| #define OPAL_MINOR 9
| #define OPAL_BUILD 0
| #define OPAL_VERSION "3.9.0"
| #define OPAL_PLUGIN_DIR "/opt/t38modem/lib/opal-3.9.0"
| #define OPAL_SHARED_LIB 1
| #define OPAL_PTLIB_ASN 1
| #define OPAL_PTLIB_EXPAT 1
| #define OPAL_PTLIB_VIDEO 1
| #define OPAL_PTLIB_WAVFILE 1
| #define OPAL_PTLIB_VXML 1
| #define OPAL_PTLIB_IPV6 1
| #define OPAL_PTLIB_DTMF 1
| #define OPAL_PTLIB_DNS 1
| #define OPAL_PTLIB_AUDIO 1
| #define OPAL_PTLIB_CONFIG_FILE 1
| #define HAVE_SYS_TYPES_H 1
| #define HAVE_SYS_STAT_H 1
| #define HAVE_STDLIB_H 1
| #define HAVE_STRING_H 1
| #define HAVE_MEMORY_H 1
| #define HAVE_STRINGS_H 1
| #define HAVE_INTTYPES_H 1
| #define HAVE_STDINT_H 1
| #define HAVE_UNISTD_H 1
| #define HAVE_DLFCN_H 1
| #define SIZEOF_SHORT 2
| #define SIZEOF_INT 4
| #define SIZEOF_LONG 8
| #define SIZEOF_LONG_LONG 8
| /* end confdefs.h.  */
| #include "srtp/srtp.h"
| int
| main ()
| {
| 
|                                                crypto_policy_t p; p.cipher_key_len = SRTP_MASTER_KEY_LEN; return 0;
| 
| 
|   ;
|   return 0;
| }
| 
configure:9731: checking libsrtp support
configure:9733: result: no
configure:9743: checking for swig
configure:9776: result: no
configure:9810: checking jni.h usability
configure:9827: gcc -c  -Wall -Wextra -Wstrict-aliasing -Wfloat-equal -Wno-comment -Wno-unused -Winit-self -Wno-missing-field-initializers -fPIC -DP_64BIT -DPTRACING=1 -D_REENTRANT -fno-exceptions -I/opt/t38modem/include     conftest.c >&5
conftest.c:73:17: error: jni.h: No such file or directory
configure:9834: $? = 1
configure: failed program was:
| /* confdefs.h.  */
| #define PACKAGE_NAME ""
| #define PACKAGE_TARNAME ""
| #define PACKAGE_VERSION ""
| #define PACKAGE_STRING ""
| #define PACKAGE_BUGREPORT ""
| #define STDC_HEADERS 1
| #define GCC_HAS_CLZ 1
| #define OPAL_MAJOR 3
| #define OPAL_MINOR 9
| #define OPAL_BUILD 0
| #define OPAL_VERSION "3.9.0"
| #define OPAL_PLUGIN_DIR "/opt/t38modem/lib/opal-3.9.0"
| #define OPAL_SHARED_LIB 1
| #define OPAL_PTLIB_ASN 1
| #define OPAL_PTLIB_EXPAT 1
| #define OPAL_PTLIB_VIDEO 1
| #define OPAL_PTLIB_WAVFILE 1
| #define OPAL_PTLIB_VXML 1
| #define OPAL_PTLIB_IPV6 1
| #define OPAL_PTLIB_DTMF 1
| #define OPAL_PTLIB_DNS 1
| #define OPAL_PTLIB_AUDIO 1
| #define OPAL_PTLIB_CONFIG_FILE 1
| #define HAVE_SYS_TYPES_H 1
| #define HAVE_SYS_STAT_H 1
| #define HAVE_STDLIB_H 1
| #define HAVE_STRING_H 1
| #define HAVE_MEMORY_H 1
| #define HAVE_STRINGS_H 1
| #define HAVE_INTTYPES_H 1
| #define HAVE_STDINT_H 1
| #define HAVE_UNISTD_H 1
| #define HAVE_DLFCN_H 1
| #define SIZEOF_SHORT 2
| #define SIZEOF_INT 4
| #define SIZEOF_LONG 8
| #define SIZEOF_LONG_LONG 8
| /* end confdefs.h.  */
| #include <stdio.h>
| #ifdef HAVE_SYS_TYPES_H
| # include <sys/types.h>
| #endif
| #ifdef HAVE_SYS_STAT_H
| # include <sys/stat.h>
| #endif
| #ifdef STDC_HEADERS
| # include <stdlib.h>
| # include <stddef.h>
| #else
| # ifdef HAVE_STDLIB_H
| #  include <stdlib.h>
| # endif
| #endif
| #ifdef HAVE_STRING_H
| # if !defined STDC_HEADERS && defined HAVE_MEMORY_H
| #  include <memory.h>
| # endif
| # include <string.h>
| #endif
| #ifdef HAVE_STRINGS_H
| # include <strings.h>
| #endif
| #ifdef HAVE_INTTYPES_H
| # include <inttypes.h>
| #endif
| #ifdef HAVE_STDINT_H
| # include <stdint.h>
| #endif
| #ifdef HAVE_UNISTD_H
| # include <unistd.h>
| #endif
| #include <jni.h>
configure:9848: result: no
configure:9852: checking jni.h presence
configure:9867: gcc -E  conftest.c
conftest.c:40:17: error: jni.h: No such file or directory
configure:9874: $? = 1
configure: failed program was:
| /* confdefs.h.  */
| #define PACKAGE_NAME ""
| #define PACKAGE_TARNAME ""
| #define PACKAGE_VERSION ""
| #define PACKAGE_STRING ""
| #define PACKAGE_BUGREPORT ""
| #define STDC_HEADERS 1
| #define GCC_HAS_CLZ 1
| #define OPAL_MAJOR 3
| #define OPAL_MINOR 9
| #define OPAL_BUILD 0
| #define OPAL_VERSION "3.9.0"
| #define OPAL_PLUGIN_DIR "/opt/t38modem/lib/opal-3.9.0"
| #define OPAL_SHARED_LIB 1
| #define OPAL_PTLIB_ASN 1
| #define OPAL_PTLIB_EXPAT 1
| #define OPAL_PTLIB_VIDEO 1
| #define OPAL_PTLIB_WAVFILE 1
| #define OPAL_PTLIB_VXML 1
| #define OPAL_PTLIB_IPV6 1
| #define OPAL_PTLIB_DTMF 1
| #define OPAL_PTLIB_DNS 1
| #define OPAL_PTLIB_AUDIO 1
| #define OPAL_PTLIB_CONFIG_FILE 1
| #define HAVE_SYS_TYPES_H 1
| #define HAVE_SYS_STAT_H 1
| #define HAVE_STDLIB_H 1
| #define HAVE_STRING_H 1
| #define HAVE_MEMORY_H 1
| #define HAVE_STRINGS_H 1
| #define HAVE_INTTYPES_H 1
| #define HAVE_STDINT_H 1
| #define HAVE_UNISTD_H 1
| #define HAVE_DLFCN_H 1
| #define SIZEOF_SHORT 2
| #define SIZEOF_INT 4
| #define SIZEOF_LONG 8
| #define SIZEOF_LONG_LONG 8
| /* end confdefs.h.  */
| #include <jni.h>
configure:9888: result: no
configure:9916: checking for jni.h
configure:9925: result: no
configure:10003: checking for ruby
configure:10033: result: no
configure:10238: checking whether to enable video codec support
configure:10240: result: yes
configure:10282: checking whether to enable SIP protocol support
configure:10284: result: yes
configure:10326: checking whether to enable H.323 protocol support
configure:10328: result: yes
configure:10377: g++ -o conftest  -Wall -Wextra -Wstrict-aliasing -Wfloat-equal -Wno-comment -Wno-unused -Winit-self -Wno-missing-field-initializers -fPIC -DP_64BIT -DPTRACING=1 -D_REENTRANT -fno-exceptions -I/opt/t38modem/include   -felide-constructors -Wreorder  -DP_64BIT -DPTRACING=1 -D_REENTRANT -fno-exceptions -I/opt/t38modem/include   -felide-constructors -Wreorder   conftest.cpp  -ldl -L/opt/t38modem/lib -lpt   >&5
configure:10384: $? = 0
configure:10408: checking PTLIB has ASN
configure:10410: result: yes
configure:10450: checking whether to enable IAX2 protocol support
configure:10452: result: yes
configure:10494: checking whether to enable H.224 protocol support
configure:10496: result: yes
configure:10538: checking whether to enable H.281 (Far End Camera Control) protocol support
configure:10540: result: yes
configure:10582: checking whether to enable T.38 capability support
configure:10584: result: yes
configure:10626: checking whether to enable MSRP support
configure:10628: result: yes
configure:10671: checking whether to enable SIPIM session support
configure:10673: result: yes
configure:10715: checking whether to enable RFC4103 support
configure:10717: result: yes
configure:10759: checking whether to enable T.38 FAX protocol support
configure:10761: result: yes
configure:10803: checking whether to enable H.450
configure:10805: result: yes
configure:10847: checking whether to enable H.460
configure:10849: result: yes
configure:10891: checking whether to enable H.239
configure:10893: result: yes
configure:10935: checking whether to enable H.501
configure:10937: result: yes
configure:10980: checking whether to enable LID support
configure:10982: result: yes
configure:11024: checking whether to enable IVR support
configure:11026: result: yes
configure:11068: checking whether to enable RFC4175 support
configure:11070: result: yes
configure:11112: checking whether to enable accoustic echo cancellation support
configure:11114: result: yes
configure:11156: checking whether to enable Packet Loss Concealment for G.711
configure:11158: result: yes
configure:11200: checking whether to enable statistics gathering support
configure:11202: result: yes
configure:11244: checking whether to enable media mixing support
configure:11246: result: yes
configure:11288: checking whether to enable PC sound system support
configure:11290: result: yes
configure:11334: checking whether to enable plugin support
configure:11336: result: yes
configure:11384: checking whether to enable samples build
configure:11386: result: no
configure:11542: creating ./config.status

## ---------------------- ##
## Running config.status. ##
## ---------------------- ##

This file was extended by config.status, which was
generated by GNU Autoconf 2.63.  Invocation command line was

  CONFIG_FILES    = 
  CONFIG_HEADERS  = 
  CONFIG_LINKS    = 
  CONFIG_COMMANDS = 
  $ ./config.status 

on mcserver

config.status:886: creating opal_defs.mak
config.status:886: creating Makefile
config.status:886: creating opal.pc
config.status:886: creating opal.spec
config.status:886: creating opal_cfg.dxy
config.status:886: creating src/codec/speex/libspeex/speex_config_types.h
config.status:886: creating include/opal/buildopts.h
config.status:1102: include/opal/buildopts.h is unchanged
configure:12755: === configuring in plugins (/root/build/opal/plugins)
configure:12858: running /bin/bash ./configure --disable-option-checking '--prefix=/opt/t38modem'  --cache-file=/dev/null --srcdir=.

## ---------------- ##
## Cache variables. ##
## ---------------- ##

ac_cv_build=x86_64-unknown-linux-gnu
ac_cv_c_compiler_gnu=yes
ac_cv_cxx_compiler_gnu=yes
ac_cv_env_CCC_set=
ac_cv_env_CCC_value=
ac_cv_env_CC_set=
ac_cv_env_CC_value=
ac_cv_env_CFLAGS_set=
ac_cv_env_CFLAGS_value=
ac_cv_env_CPPFLAGS_set=
ac_cv_env_CPPFLAGS_value=
ac_cv_env_CPP_set=
ac_cv_env_CPP_value=
ac_cv_env_CXXCPP_set=
ac_cv_env_CXXCPP_value=
ac_cv_env_CXXFLAGS_set=
ac_cv_env_CXXFLAGS_value=
ac_cv_env_CXX_set=
ac_cv_env_CXX_value=
ac_cv_env_LDFLAGS_set=
ac_cv_env_LDFLAGS_value=
ac_cv_env_LIBS_set=
ac_cv_env_LIBS_value=
ac_cv_env_PKG_CONFIG_set=
ac_cv_env_PKG_CONFIG_value=
ac_cv_env_PTLIBDIR_set=
ac_cv_env_PTLIBDIR_value=
ac_cv_env_PTLIB_CFLAGS_set=
ac_cv_env_PTLIB_CFLAGS_value=
ac_cv_env_PTLIB_LIBS_set=
ac_cv_env_PTLIB_LIBS_value=
ac_cv_env_SPEEXDSP_CFLAGS_set=
ac_cv_env_SPEEXDSP_CFLAGS_value=
ac_cv_env_SPEEXDSP_LIBS_set=
ac_cv_env_SPEEXDSP_LIBS_value=
ac_cv_env_build_alias_set=
ac_cv_env_build_alias_value=
ac_cv_env_host_alias_set=
ac_cv_env_host_alias_value=
ac_cv_env_target_alias_set=
ac_cv_env_target_alias_value=
ac_cv_header_dlfcn_h=yes
ac_cv_header_inttypes_h=yes
ac_cv_header_jni_h=no
ac_cv_header_memory_h=yes
ac_cv_header_stdc=yes
ac_cv_header_stdint_h=yes
ac_cv_header_stdlib_h=yes
ac_cv_header_string_h=yes
ac_cv_header_strings_h=yes
ac_cv_header_sys_stat_h=yes
ac_cv_header_sys_types_h=yes
ac_cv_header_unistd_h=yes
ac_cv_host=x86_64-unknown-linux-gnu
ac_cv_lib_dl_dlopen=yes
ac_cv_objext=o
ac_cv_path_EGREP='/bin/grep -E'
ac_cv_path_GREP=/bin/grep
ac_cv_path_ac_pt_PKG_CONFIG=/usr/bin/pkg-config
ac_cv_path_install='/usr/bin/install -c'
ac_cv_prog_CPP='gcc -E'
ac_cv_prog_CXXCPP='g++ -E'
ac_cv_prog_ac_ct_AR=ar
ac_cv_prog_ac_ct_CC=gcc
ac_cv_prog_ac_ct_CXX=g++
ac_cv_prog_ac_ct_RANLIB=ranlib
ac_cv_prog_cc_c89=
ac_cv_prog_cc_g=yes
ac_cv_prog_cxx_g=yes
ac_cv_sizeof_int=4
ac_cv_sizeof_long=8
ac_cv_sizeof_long_long=8
ac_cv_sizeof_short=2
ac_cv_target=x86_64-unknown-linux-gnu
pkg_cv_PTLIB_CFLAGS='-DP_64BIT -DPTRACING=1 -D_REENTRANT -fno-exceptions -I/opt/t38modem/include  '
pkg_cv_PTLIB_LIBS='-L/opt/t38modem/lib -lpt  '

## ----------------- ##
## Output variables. ##
## ----------------- ##

AR='ar'
ARCHIVE='ar rcs'
BN_INCDIR=''
BN_LIBDIR=''
BUILD_TYPE='-beta'
CC='gcc'
CFLAGS=' -Wall -Wextra -Wstrict-aliasing -Wfloat-equal -Wno-comment -Wno-unused -Winit-self -Wno-missing-field-initializers -fPIC -DP_64BIT -DPTRACING=1 -D_REENTRANT -fno-exceptions -I/opt/t38modem/include   '
CPP='gcc -E'
CPPFLAGS=''
CXX='g++'
CXXCPP='g++ -E'
CXXFLAGS=' -Wall -Wextra -Wstrict-aliasing -Wfloat-equal -Wno-comment -Wno-unused -Winit-self -Wno-missing-field-initializers -fPIC -DP_64BIT -DPTRACING=1 -D_REENTRANT -fno-exceptions -I/opt/t38modem/include   -felide-constructors -Wreorder '
DEBUG_BUILD='no'
DEBUG_CFLAGS=' -g3 -ggdb -O0 -D_DEBUG'
DEBUG_LIBS='-L/opt/t38modem/lib -lpt_d  '
DEBUG_LIB_FILENAME_SHARED='libopal_d.so'
DEBUG_LIB_FILENAME_SHARED_PAT='libopal_d.so.3.9-beta0'
DEBUG_LIB_FILENAME_STATIC='libopal_d_s.a'
DEBUG_LIB_NAME='libopal_d'
DEBUG_OPAL_OBJDIR='${OPALDIR}/lib_linux_x86_64/obj_d'
DEFS='-DHAVE_CONFIG_H'
ECHO_C=''
ECHO_N='-n'
ECHO_T=''
EGREP='/bin/grep -E'
EXEEXT=''
GCC_HAS_CLZ='yes'
GREP='/bin/grep'
HAS_RUBY=''
HAVE_RANLIB='no'
INSTALL='/usr/bin/install -c'
INSTALL_DATA='${INSTALL} -m 644'
INSTALL_PROGRAM='${INSTALL}'
INSTALL_SCRIPT='${INSTALL}'
LD='g++'
LDFLAGS=''
LDSOOPTS='-shared -Wl,-soname,$(LIB_FILENAME_SHARED_PAT)'
LIBDIR='${exec_prefix}/lib'
LIBOBJS=''
LIBS=' -ldl'
LTLIBOBJS=''
MACHTYPE='x86_64'
OBJEXT='o'
OPALDIR='/root/build/opal'
OPAL_AEC='yes'
OPAL_FAX='yes'
OPAL_G711PLC='yes'
OPAL_H239='yes'
OPAL_H323='yes'
OPAL_H450='yes'
OPAL_H460='yes'
OPAL_H501='yes'
OPAL_HAS_H224='yes'
OPAL_HAS_H281='yes'
OPAL_HAS_MIXER='yes'
OPAL_HAS_MSRP='yes'
OPAL_HAS_PCSS='yes'
OPAL_HAS_RFC4103='yes'
OPAL_HAS_SIPIM='yes'
OPAL_IAX2='yes'
OPAL_IVR='yes'
OPAL_JAVA='no'
OPAL_LIBDIR='${OPALDIR}/lib_linux_x86_64'
OPAL_LID='yes'
OPAL_PLUGINS='yes'
OPAL_PTLIB_ASN='yes'
OPAL_PTLIB_AUDIO='yes'
OPAL_PTLIB_CONFIG_FILE='yes'
OPAL_PTLIB_DNS='yes'
OPAL_PTLIB_DTMF='yes'
OPAL_PTLIB_EXPAT='yes'
OPAL_PTLIB_IPV6='yes'
OPAL_PTLIB_LDAP='no'
OPAL_PTLIB_SSL='no'
OPAL_PTLIB_SSL_AES='no'
OPAL_PTLIB_VIDEO='yes'
OPAL_PTLIB_VXML='yes'
OPAL_PTLIB_WAVFILE='yes'
OPAL_RFC4175='yes'
OPAL_RUBY='yes'
OPAL_SAMPLES='no'
OPAL_SHARED_LIB='yes'
OPAL_SIP='yes'
OPAL_SRTP='no'
OPAL_STATISTICS='yes'
OPAL_T38_CAPABILITY='yes'
OPAL_VERSION='3.9.0'
OPAL_VIDEO='yes'
OPAL_ZRTP='no'
OSTYPE='linux'
PACKAGE_BUGREPORT=''
PACKAGE_NAME=''
PACKAGE_STRING=''
PACKAGE_TARNAME=''
PACKAGE_VERSION=''
PATH_SEPARATOR=':'
PKG_CFLAGS=' '
PKG_CONFIG='/usr/bin/pkg-config'
PKG_LIBS=' -ldl'
PKG_REQUIRES=' ptlib'
PTLIBDIR=''
PTLIB_CFLAGS='-DP_64BIT -DPTRACING=1 -D_REENTRANT -fno-exceptions -I/opt/t38modem/include  '
PTLIB_LIBS='-L/opt/t38modem/lib -lpt  '
RANLIB='ranlib'
RELEASE_CFLAGS=' -Os'
RELEASE_LIBS='-L/opt/t38modem/lib -lpt  '
RELEASE_LIB_FILENAME_SHARED='libopal.so'
RELEASE_LIB_FILENAME_SHARED_PAT='libopal.so.3.9-beta0'
RELEASE_LIB_FILENAME_STATIC='libopal_s.a'
RELEASE_LIB_NAME='libopal'
RELEASE_OPAL_OBJDIR='${OPALDIR}/lib_linux_x86_64/obj'
SHELL='/bin/bash'
SIZE16='short'
SIZE32='int'
SPEEXDSP_CFLAGS=''
SPEEXDSP_LIBS=''
SPEEXDSP_SYSTEM='no'
SWIG=''
ZRTP_INCDIR=''
ZRTP_LIBDIR=''
ac_ct_CC='gcc'
ac_ct_CXX='g++'
bindir='${exec_prefix}/bin'
build='x86_64-unknown-linux-gnu'
build_alias=''
build_cpu='x86_64'
build_os='linux-gnu'
build_vendor='unknown'
datadir='${datarootdir}'
datarootdir='${prefix}/share'
docdir='${datarootdir}/doc/${PACKAGE}'
dvidir='${docdir}'
exec_prefix='${prefix}'
host='x86_64-unknown-linux-gnu'
host_alias=''
host_cpu='x86_64'
host_os='linux-gnu'
host_vendor='unknown'
htmldir='${docdir}'
includedir='${prefix}/include'
infodir='${datarootdir}/info'
libdir='${exec_prefix}/lib'
libexecdir='${exec_prefix}/libexec'
localedir='${datarootdir}/locale'
localstatedir='${prefix}/var'
mandir='${datarootdir}/man'
oldincludedir='/usr/include'
pdfdir='${docdir}'
prefix='/opt/t38modem'
program_transform_name='s,x,x,'
psdir='${docdir}'
sbindir='${exec_prefix}/sbin'
sharedstatedir='${prefix}/com'
subdirs=' plugins'
sysconfdir='${prefix}/etc'
target='x86_64-unknown-linux-gnu'
target_alias=''
target_cpu='x86_64'
target_os='linux-gnu'
target_vendor='unknown'

## ----------- ##
## confdefs.h. ##
## ----------- ##

#define PACKAGE_NAME ""
#define PACKAGE_TARNAME ""
#define PACKAGE_VERSION ""
#define PACKAGE_STRING ""
#define PACKAGE_BUGREPORT ""
#define STDC_HEADERS 1
#define GCC_HAS_CLZ 1
#define OPAL_MAJOR 3
#define OPAL_MINOR 9
#define OPAL_BUILD 0
#define OPAL_VERSION "3.9.0"
#define OPAL_PLUGIN_DIR "/opt/t38modem/lib/opal-3.9.0"
#define OPAL_SHARED_LIB 1
#define OPAL_PTLIB_ASN 1
#define OPAL_PTLIB_EXPAT 1
#define OPAL_PTLIB_VIDEO 1
#define OPAL_PTLIB_WAVFILE 1
#define OPAL_PTLIB_VXML 1
#define OPAL_PTLIB_IPV6 1
#define OPAL_PTLIB_DTMF 1
#define OPAL_PTLIB_DNS 1
#define OPAL_PTLIB_AUDIO 1
#define OPAL_PTLIB_CONFIG_FILE 1
#define HAVE_SYS_TYPES_H 1
#define HAVE_SYS_STAT_H 1
#define HAVE_STDLIB_H 1
#define HAVE_STRING_H 1
#define HAVE_MEMORY_H 1
#define HAVE_STRINGS_H 1
#define HAVE_INTTYPES_H 1
#define HAVE_STDINT_H 1
#define HAVE_UNISTD_H 1
#define HAVE_DLFCN_H 1
#define SIZEOF_SHORT 2
#define SIZEOF_INT 4
#define SIZEOF_LONG 8
#define SIZEOF_LONG_LONG 8
#define OPAL_VIDEO 1
#define OPAL_SIP 1
#define OPAL_H323 1
#define OPAL_IAX2 1
#define OPAL_HAS_H224 1
#define OPAL_HAS_H281 1
#define OPAL_T38_CAPABILITY 1
#define OPAL_HAS_MSRP 1
#define OPAL_HAS_SIPIM 1
#define OPAL_HAS_RFC4103 1
#define OPAL_FAX 1
#define OPAL_H450 1
#define OPAL_H460 1
#define OPAL_H239 1
#define OPAL_H501 1
#define OPAL_LID 1
#define OPAL_IVR 1
#define OPAL_RFC4175 1
#define OPAL_AEC 1
#define OPAL_G711PLC 1
#define OPAL_STATISTICS 1
#define OPAL_HAS_MIXER 1
#define OPAL_HAS_PCSS 1
#define OPAL_PLUGINS 1

configure: exit 0
