This file contains any messages produced by compilers while
running configure, to aid debugging if configure makes a mistake.

It was created by configure, which was
generated by GNU Autoconf 2.63.  Invocation command line was

  $ ./configure --prefix /opt/t38modem

## --------- ##
## Platform. ##
## --------- ##

hostname = mcserver
uname -m = x86_64
uname -r = 2.6.32-5-amd64
uname -s = Linux
uname -v = #1 SMP Thu Mar 22 17:26:33 UTC 2012

/usr/bin/uname -p = unknown
/bin/uname -X     = unknown

/bin/arch              = unknown
/usr/bin/arch -k       = unknown
/usr/convex/getsysinfo = unknown
/usr/bin/hostinfo      = unknown
/bin/machine           = unknown
/usr/bin/oslevel       = unknown
/bin/universe          = unknown

PATH: /usr/local/sbin
PATH: /usr/local/bin
PATH: /usr/sbin
PATH: /usr/bin
PATH: /sbin
PATH: /bin
PATH: /opt/dell/srvadmin/bin
PATH: /opt/dell/srvadmin/sbin


## ----------- ##
## Core tests. ##
## ----------- ##

configure:2152: checking for pkg-config
configure:2170: found /usr/bin/pkg-config
configure:2182: result: /usr/bin/pkg-config
configure:2207: checking pkg-config is at least version 0.9.0
configure:2210: result: yes
configure:2273: checking for gcc
configure:2289: found /usr/bin/gcc
configure:2300: result: gcc
configure:2532: checking for C compiler version
configure:2540: gcc --version >&5
gcc (Debian 4.4.5-8) 4.4.5
Copyright (C) 2010 Free Software Foundation, Inc.
This is free software; see the source for copying conditions.  There is NO
warranty; not even for MERCHANTABILITY or FITNESS FOR A PARTICULAR PURPOSE.

configure:2544: $? = 0
configure:2551: gcc -v >&5
Using built-in specs.
Target: x86_64-linux-gnu
Configured with: ../src/configure -v --with-pkgversion='Debian 4.4.5-8' --with-bugurl=file:///usr/share/doc/gcc-4.4/README.Bugs --enable-languages=c,c++,fortran,objc,obj-c++ --prefix=/usr --program-suffix=-4.4 --enable-shared --enable-multiarch --enable-linker-build-id --with-system-zlib --libexecdir=/usr/lib --without-included-gettext --enable-threads=posix --with-gxx-include-dir=/usr/include/c++/4.4 --libdir=/usr/lib --enable-nls --enable-clocale=gnu --enable-libstdcxx-debug --enable-objc-gc --with-arch-32=i586 --with-tune=generic --enable-checking=release --build=x86_64-linux-gnu --host=x86_64-linux-gnu --target=x86_64-linux-gnu
Thread model: posix
gcc version 4.4.5 (Debian 4.4.5-8) 
configure:2555: $? = 0
configure:2562: gcc -V >&5
gcc: '-V' option must have argument
configure:2566: $? = 1
configure:2589: checking for C compiler default output file name
configure:2611: gcc    conftest.c  >&5
configure:2615: $? = 0
configure:2653: result: a.out
configure:2672: checking whether the C compiler works
configure:2682: ./a.out
configure:2686: $? = 0
configure:2705: result: yes
configure:2712: checking whether we are cross compiling
configure:2714: result: no
configure:2717: checking for suffix of executables
configure:2724: gcc -o conftest    conftest.c  >&5
configure:2728: $? = 0
configure:2754: result: 
configure:2760: checking for suffix of object files
configure:2786: gcc -c   conftest.c >&5
configure:2790: $? = 0
configure:2815: result: o
configure:2819: checking whether we are using the GNU C compiler
configure:2848: gcc -c   conftest.c >&5
configure:2855: $? = 0
configure:2872: result: yes
configure:2881: checking whether gcc accepts -g
configure:2911: gcc -c -g  conftest.c >&5
configure:2918: $? = 0
configure:3019: result: yes
configure:3036: checking for gcc option to accept ISO C89
configure:3110: gcc  -c -g -O2  conftest.c >&5
configure:3117: $? = 0
configure:3140: result: none needed
configure:3216: checking for g++
configure:3232: found /usr/bin/g++
configure:3243: result: g++
configure:3270: checking for C++ compiler version
configure:3278: g++ --version >&5
g++ (Debian 4.4.5-8) 4.4.5
Copyright (C) 2010 Free Software Foundation, Inc.
This is free software; see the source for copying conditions.  There is NO
warranty; not even for MERCHANTABILITY or FITNESS FOR A PARTICULAR PURPOSE.

configure:3282: $? = 0
configure:3289: g++ -v >&5
Using built-in specs.
Target: x86_64-linux-gnu
Configured with: ../src/configure -v --with-pkgversion='Debian 4.4.5-8' --with-bugurl=file:///usr/share/doc/gcc-4.4/README.Bugs --enable-languages=c,c++,fortran,objc,obj-c++ --prefix=/usr --program-suffix=-4.4 --enable-shared --enable-multiarch --enable-linker-build-id --with-system-zlib --libexecdir=/usr/lib --without-included-gettext --enable-threads=posix --with-gxx-include-dir=/usr/include/c++/4.4 --libdir=/usr/lib --enable-nls --enable-clocale=gnu --enable-libstdcxx-debug --enable-objc-gc --with-arch-32=i586 --with-tune=generic --enable-checking=release --build=x86_64-linux-gnu --host=x86_64-linux-gnu --target=x86_64-linux-gnu
Thread model: posix
gcc version 4.4.5 (Debian 4.4.5-8) 
configure:3293: $? = 0
configure:3300: g++ -V >&5
g++: '-V' option must have argument
configure:3304: $? = 1
configure:3307: checking whether we are using the GNU C++ compiler
configure:3336: g++ -c   conftest.cpp >&5
configure:3343: $? = 0
configure:3360: result: yes
configure:3369: checking whether g++ accepts -g
configure:3399: g++ -c -g  conftest.cpp >&5
configure:3406: $? = 0
configure:3507: result: yes
configure:3607: PTLib version is 2.9.0
configure:3787: checking build system type
configure:3805: result: x86_64-unknown-linux-gnu
configure:3827: checking host system type
configure:3842: result: x86_64-unknown-linux-gnu
configure:3864: checking target system type
configure:3879: result: x86_64-unknown-linux-gnu
configure:3923: checking for swab
configure:3979: g++ -o conftest -g -O2   conftest.cpp  >&5
configure:3986: $? = 0
configure:4006: result: yes
configure:4994: OSTYPE set to linux
configure:4996: OSRELEASE set to "2.6.32-5-amd64"
configure:4998: MACHTYPE set to x86_64
configure:5048: gcc version is 4.4.5
configure:5054: checking checking if pragma implementation should be used
configure:5066: result: no
configure:5070: checking checking if precompiled headers available
configure:5083: result: yes
configure:5118: checking how to run the C++ preprocessor
configure:5154: g++ -E  conftest.cpp
configure:5161: $? = 0
configure:5192: g++ -E  conftest.cpp
conftest.cpp:17:28: error: ac_nonexistent.h: No such file or directory
configure:5199: $? = 1
configure: failed program was:
| /* confdefs.h.  */
| #define PACKAGE_NAME ""
| #define PACKAGE_TARNAME ""
| #define PACKAGE_VERSION ""
| #define PACKAGE_STRING ""
| #define PACKAGE_BUGREPORT ""
| #define PTLIB_MAJOR 2
| #define PTLIB_MINOR 9
| #define PTLIB_BUILD 0
| #define PTLIB_VERSION "2.9.0"
| #define P_PTHREADS 1
| #define USE_SYSTEM_SWAB /**/
| #define P_LINUX "2.6.32-5-amd64"
| #define P_64BIT 1
| #define P_SHAREDLIBEXT $SHAREDLIBEXT
| /* end confdefs.h.  */
| #include <ac_nonexistent.h>
configure:5232: result: g++ -E
configure:5261: g++ -E  conftest.cpp
configure:5268: $? = 0
configure:5299: g++ -E  conftest.cpp
conftest.cpp:17:28: error: ac_nonexistent.h: No such file or directory
configure:5306: $? = 1
configure: failed program was:
| /* confdefs.h.  */
| #define PACKAGE_NAME ""
| #define PACKAGE_TARNAME ""
| #define PACKAGE_VERSION ""
| #define PACKAGE_STRING ""
| #define PACKAGE_BUGREPORT ""
| #define PTLIB_MAJOR 2
| #define PTLIB_MINOR 9
| #define PTLIB_BUILD 0
| #define PTLIB_VERSION "2.9.0"
| #define P_PTHREADS 1
| #define USE_SYSTEM_SWAB /**/
| #define P_LINUX "2.6.32-5-amd64"
| #define P_64BIT 1
| #define P_SHAREDLIBEXT $SHAREDLIBEXT
| /* end confdefs.h.  */
| #include <ac_nonexistent.h>
configure:5346: checking for grep that handles long lines and -e
configure:5406: result: /bin/grep
configure:5411: checking for egrep
configure:5475: result: /bin/grep -E
configure:5480: checking for ANSI C header files
configure:5510: g++ -c -g -O2  conftest.cpp >&5
configure:5517: $? = 0
configure:5616: g++ -o conftest -g -O2   conftest.cpp  >&5
configure:5620: $? = 0
configure:5626: ./conftest
configure:5630: $? = 0
configure:5648: result: yes
configure:5672: checking for sys/types.h
configure:5693: g++ -c -g -O2  conftest.cpp >&5
configure:5700: $? = 0
configure:5717: result: yes
configure:5672: checking for sys/stat.h
configure:5693: g++ -c -g -O2  conftest.cpp >&5
configure:5700: $? = 0
configure:5717: result: yes
configure:5672: checking for stdlib.h
configure:5693: g++ -c -g -O2  conftest.cpp >&5
configure:5700: $? = 0
configure:5717: result: yes
configure:5672: checking for string.h
configure:5693: g++ -c -g -O2  conftest.cpp >&5
configure:5700: $? = 0
configure:5717: result: yes
configure:5672: checking for memory.h
configure:5693: g++ -c -g -O2  conftest.cpp >&5
configure:5700: $? = 0
configure:5717: result: yes
configure:5672: checking for strings.h
configure:5693: g++ -c -g -O2  conftest.cpp >&5
configure:5700: $? = 0
configure:5717: result: yes
configure:5672: checking for inttypes.h
configure:5693: g++ -c -g -O2  conftest.cpp >&5
configure:5700: $? = 0
configure:5717: result: yes
configure:5672: checking for stdint.h
configure:5693: g++ -c -g -O2  conftest.cpp >&5
configure:5700: $? = 0
configure:5717: result: yes
configure:5672: checking for unistd.h
configure:5693: g++ -c -g -O2  conftest.cpp >&5
configure:5700: $? = 0
configure:5717: result: yes
configure:5732: checking whether byte ordering is bigendian
configure:5757: g++ -c -g -O2  conftest.cpp >&5
conftest.cpp:28: error: expected unqualified-id before '!' token
configure:5764: $? = 1
configure: failed program was:
| /* confdefs.h.  */
| #define PACKAGE_NAME ""
| #define PACKAGE_TARNAME ""
| #define PACKAGE_VERSION ""
| #define PACKAGE_STRING ""
| #define PACKAGE_BUGREPORT ""
| #define PTLIB_MAJOR 2
| #define PTLIB_MINOR 9
| #define PTLIB_BUILD 0
| #define PTLIB_VERSION "2.9.0"
| #define P_PTHREADS 1
| #define USE_SYSTEM_SWAB /**/
| #define P_LINUX "2.6.32-5-amd64"
| #define P_64BIT 1
| #define P_SHAREDLIBEXT $SHAREDLIBEXT
| #define STDC_HEADERS 1
| #define HAVE_SYS_TYPES_H 1
| #define HAVE_SYS_STAT_H 1
| #define HAVE_STDLIB_H 1
| #define HAVE_STRING_H 1
| #define HAVE_MEMORY_H 1
| #define HAVE_STRINGS_H 1
| #define HAVE_INTTYPES_H 1
| #define HAVE_STDINT_H 1
| #define HAVE_UNISTD_H 1
| /* end confdefs.h.  */
| #ifndef __APPLE_CC__
| 	       not a universal capable compiler
| 	     #endif
| 	     typedef int dummy;
| 
configure:5814: g++ -c -g -O2  conftest.cpp >&5
configure:5821: $? = 0
configure:5853: g++ -c -g -O2  conftest.cpp >&5
conftest.cpp: In function 'int main()':
conftest.cpp:34: error: 'big' was not declared in this scope
conftest.cpp:34: error: expected ';' before 'endian'
configure:5860: $? = 1
configure: failed program was:
| /* confdefs.h.  */
| #define PACKAGE_NAME ""
| #define PACKAGE_TARNAME ""
| #define PACKAGE_VERSION ""
| #define PACKAGE_STRING ""
| #define PACKAGE_BUGREPORT ""
| #define PTLIB_MAJOR 2
| #define PTLIB_MINOR 9
| #define PTLIB_BUILD 0
| #define PTLIB_VERSION "2.9.0"
| #define P_PTHREADS 1
| #define USE_SYSTEM_SWAB /**/
| #define P_LINUX "2.6.32-5-amd64"
| #define P_64BIT 1
| #define P_SHAREDLIBEXT $SHAREDLIBEXT
| #define STDC_HEADERS 1
| #define HAVE_SYS_TYPES_H 1
| #define HAVE_SYS_STAT_H 1
| #define HAVE_STDLIB_H 1
| #define HAVE_STRING_H 1
| #define HAVE_MEMORY_H 1
| #define HAVE_STRINGS_H 1
| #define HAVE_INTTYPES_H 1
| #define HAVE_STDINT_H 1
| #define HAVE_UNISTD_H 1
| /* end confdefs.h.  */
| #include <sys/types.h>
| 		#include <sys/param.h>
| 
| int
| main ()
| {
| #if BYTE_ORDER != BIG_ENDIAN
| 		 not big endian
| 		#endif
| 
|   ;
|   return 0;
| }
configure:6112: result: no
configure:6150: Default extension for C++ files is cpp
configure:6161: checking if compiler accepts -felide-constructors
configure:6168: result: yes
configure:6176: checking if linker accepts -Wreorder
configure:6183: result: yes
configure:6193: checking if debug build accepts -g3 -ggdb -O0
configure:6200: result: yes
configure:6220: checking if compiler uses RTTI by default
configure:6249: g++ -c -g -O2  conftest.cpp >&5
configure:6256: $? = 0
configure:6271: result: yes
configure:6290: checking size of int
configure:6595: g++ -o conftest -g -O2   conftest.cpp  >&5
configure:6599: $? = 0
configure:6605: ./conftest
configure:6609: $? = 0
configure:6635: result: 4
configure:6649: checking for long double with more range or precision than double
configure:6694: g++ -c -g -O2  conftest.cpp >&5
configure:6701: $? = 0
configure:6716: result: yes
configure:6749: checking for flex
configure:6767: found /usr/bin/flex
configure:6779: result: /usr/bin/flex
configure:6836: checking for ar
configure:6852: found /usr/bin/ar
configure:6863: result: ar
configure:6982: checking for bison
configure:7000: found /usr/bin/bison
configure:7012: result: /usr/bin/bison
configure:7026: checking if readdir_r has 2 parms
configure:7050: g++ -c -g -O2  conftest.cpp >&5
/usr/include/dirent.h: In function 'int main()':
/usr/include/dirent.h:184: error: too few arguments to function 'int readdir_r(DIR*, dirent*, dirent**)'
conftest.cpp:36: error: at this point in file
configure:7057: $? = 1
configure: failed program was:
| /* confdefs.h.  */
| #define PACKAGE_NAME ""
| #define PACKAGE_TARNAME ""
| #define PACKAGE_VERSION ""
| #define PACKAGE_STRING ""
| #define PACKAGE_BUGREPORT ""
| #define PTLIB_MAJOR 2
| #define PTLIB_MINOR 9
| #define PTLIB_BUILD 0
| #define PTLIB_VERSION "2.9.0"
| #define P_PTHREADS 1
| #define USE_SYSTEM_SWAB /**/
| #define P_LINUX "2.6.32-5-amd64"
| #define P_64BIT 1
| #define P_SHAREDLIBEXT $SHAREDLIBEXT
| #define STDC_HEADERS 1
| #define HAVE_SYS_TYPES_H 1
| #define HAVE_SYS_STAT_H 1
| #define HAVE_STDLIB_H 1
| #define HAVE_STRING_H 1
| #define HAVE_MEMORY_H 1
| #define HAVE_STRINGS_H 1
| #define HAVE_INTTYPES_H 1
| #define HAVE_STDINT_H 1
| #define HAVE_UNISTD_H 1
| #define PBYTE_ORDER PLITTLE_ENDIAN
| #define SIZEOF_INT 4
| #define HAVE_LONG_DOUBLE_WIDER 1
| #define HAVE_LONG_DOUBLE 1
| /* end confdefs.h.  */
| #define _POSIX_PTHREAD_SEMANTICS
|                 #include <dirent.h>
| int
| main ()
| {
| DIR *s; struct dirent * e; readdir_r(s, e);
|   ;
|   return 0;
| }
configure:7075: result: no
configure:7077: checking if readdir_r has 3 parms
configure:7100: g++ -c -g -O2  conftest.cpp >&5
configure:7107: $? = 0
configure:7122: result: yes
configure:7148: PTRACE and all trace logging included
configure:7165: Using ANSI C++ bool for PBoolean: (PFalse=false PTrue=true)
configure:7176: checking for recvmsg
configure:7201: g++ -c -g -O2  conftest.cpp >&5
configure:7208: $? = 0
configure:7223: result: yes
configure:7236: checking for NetLink support
configure:7266: g++ -c -g -O2  conftest.cpp >&5
configure:7273: $? = 0
configure:7288: result: yes
configure:7301: checking if using STL streams
configure:7324: g++ -c -g -O2  conftest.cpp >&5
configure:7331: $? = 0
configure:7346: result: yes
configure:7366: checking if atomic integer available
configure:7393: g++ -c -g -O2  conftest.cpp >&5
conftest.cpp:36:28: error: bits/atomicity.h: No such file or directory
conftest.cpp: In function 'int main()':
conftest.cpp:40: error: '_Atomic_word' was not declared in this scope
conftest.cpp:40: error: expected ';' before 'val'
configure:7400: $? = 1
configure: failed program was:
| /* confdefs.h.  */
| #define PACKAGE_NAME ""
| #define PACKAGE_TARNAME ""
| #define PACKAGE_VERSION ""
| #define PACKAGE_STRING ""
| #define PACKAGE_BUGREPORT ""
| #define PTLIB_MAJOR 2
| #define PTLIB_MINOR 9
| #define PTLIB_BUILD 0
| #define PTLIB_VERSION "2.9.0"
| #define P_PTHREADS 1
| #define USE_SYSTEM_SWAB /**/
| #define P_LINUX "2.6.32-5-amd64"
| #define P_64BIT 1
| #define P_SHAREDLIBEXT $SHAREDLIBEXT
| #define STDC_HEADERS 1
| #define HAVE_SYS_TYPES_H 1
| #define HAVE_SYS_STAT_H 1
| #define HAVE_STDLIB_H 1
| #define HAVE_STRING_H 1
| #define HAVE_MEMORY_H 1
| #define HAVE_STRINGS_H 1
| #define HAVE_INTTYPES_H 1
| #define HAVE_STDINT_H 1
| #define HAVE_UNISTD_H 1
| #define PBYTE_ORDER PLITTLE_ENDIAN
| #define SIZEOF_INT 4
| #define HAVE_LONG_DOUBLE_WIDER 1
| #define HAVE_LONG_DOUBLE 1
| #define P_HAS_POSIX_READDIR_R 3
| #define P_USE_STANDARD_CXX_BOOL 1
| #define P_HAS_RECVMSG 1
| #define P_HAS_NETLINK 1
| #define P_HAS_STL_STREAMS 1
| /* end confdefs.h.  */
| #include <bits/atomicity.h>
| int
| main ()
| {
| _Atomic_word val;
|   ;
|   return 0;
| }
configure:7431: g++ -c -g -O2  conftest.cpp >&5
configure:7438: $? = 0
configure:7457: result: yes
configure:7459: checking if __exchange_and_add is in __gnu_cxx namespace
configure:7527: g++ -c -g -O2  conftest.cpp >&5
configure:7534: $? = 0
configure:7550: result: yes
configure:7594: g++ -c -g -O2  conftest.cpp >&5
configure:7601: $? = 0
configure:7615: checking if Unix semaphores are available
configure:7622: result: yes
configure:7700: checking for pthread_create in -lpthread
configure:7735: g++ -o conftest -g -O2   conftest.cpp -lpthread   >&5
configure:7742: $? = 0
configure:7763: result: yes
configure:7790: checking for clock_gettime in -lrt
configure:7825: g++ -o conftest -g -O2   conftest.cpp -lrt   >&5
configure:7832: $? = 0
configure:7853: result: yes
configure:7874: checking if pthread_mutex_timedlock is available
configure:7897: g++ -c -g -O2  conftest.cpp >&5
configure:7904: $? = 0
configure:7919: result: yes
configure:7931: checking for sem_timedwait in -lpthread
configure:7966: g++ -o conftest -g -O2   conftest.cpp -lpthread   >&5
configure:7973: $? = 0
configure:7994: result: yes
configure:8003: checking if sem_timedwait is compilable
configure:8026: g++ -c -g -O2  conftest.cpp >&5
configure:8033: $? = 0
configure:8053: result: yes
configure:8063: checking if recursive mutexes are available
configure:8086: g++ -c -g -O2  conftest.cpp >&5
configure:8093: $? = 0
configure:8108: result: PTHREAD_MUTEX_RECURSIVE_NP
configure:8169: checking if setpgrp takes no parameters
configure:8192: g++ -c -g -O2  conftest.cpp >&5
configure:8199: $? = 0
configure:8214: result: yes
configure:8243: checking regex.h usability
configure:8260: g++ -c -g -O2  conftest.cpp >&5
configure:8267: $? = 0
configure:8281: result: yes
configure:8285: checking regex.h presence
configure:8300: g++ -E  conftest.cpp
configure:8307: $? = 0
configure:8321: result: yes
configure:8349: checking for regex.h
configure:8358: result: yes
configure:8384: checking for regcomp
configure:8440: g++ -o conftest -g -O2   conftest.cpp  >&5
configure:8447: $? = 0
configure:8467: result: yes
configure:8569: checking dlfcn.h usability
configure:8586: g++ -c -g -O2  conftest.cpp >&5
configure:8593: $? = 0
configure:8607: result: yes
configure:8611: checking dlfcn.h presence
configure:8626: g++ -E  conftest.cpp
configure:8633: $? = 0
configure:8647: result: yes
configure:8675: checking for dlfcn.h
configure:8684: result: yes
configure:8702: checking if dlopen is available
configure:8731: gcc -c -g -O2  conftest.c >&5
configure:8738: $? = 0
configure:8756: result: yes
configure:8836: checking for dlopen in -ldl
configure:8871: gcc -o conftest -g -O2   conftest.c -ldl   >&5
configure:8878: $? = 0
configure:8899: result: yes
configure:8931: checking enable plugin support
configure:8969: result: yes
configure:8981: checking where plugins are being installed
configure:9004: result: /opt/t38modem/lib/ptlib-2.9.0
configure:9020: checking enable samples build
configure:9062: result: no
configure:9091: checking how to run the C preprocessor
configure:9131: gcc -E  conftest.c
configure:9138: $? = 0
configure:9169: gcc -E  conftest.c
conftest.c:49:28: error: ac_nonexistent.h: No such file or directory
configure:9176: $? = 1
configure: failed program was:
| /* confdefs.h.  */
| #define PACKAGE_NAME ""
| #define PACKAGE_TARNAME ""
| #define PACKAGE_VERSION ""
| #define PACKAGE_STRING ""
| #define PACKAGE_BUGREPORT ""
| #define PTLIB_MAJOR 2
| #define PTLIB_MINOR 9
| #define PTLIB_BUILD 0
| #define PTLIB_VERSION "2.9.0"
| #define P_PTHREADS 1
| #define USE_SYSTEM_SWAB /**/
| #define P_LINUX "2.6.32-5-amd64"
| #define P_64BIT 1
| #define P_SHAREDLIBEXT $SHAREDLIBEXT
| #define STDC_HEADERS 1
| #define HAVE_SYS_TYPES_H 1
| #define HAVE_SYS_STAT_H 1
| #define HAVE_STDLIB_H 1
| #define HAVE_STRING_H 1
| #define HAVE_MEMORY_H 1
| #define HAVE_STRINGS_H 1
| #define HAVE_INTTYPES_H 1
| #define HAVE_STDINT_H 1
| #define HAVE_UNISTD_H 1
| #define PBYTE_ORDER PLITTLE_ENDIAN
| #define SIZEOF_INT 4
| #define HAVE_LONG_DOUBLE_WIDER 1
| #define HAVE_LONG_DOUBLE 1
| #define P_HAS_POSIX_READDIR_R 3
| #define P_USE_STANDARD_CXX_BOOL 1
| #define P_HAS_RECVMSG 1
| #define P_HAS_NETLINK 1
| #define P_HAS_STL_STREAMS 1
| #define P_HAS_ATOMIC_INT 1
| #define P_NEEDS_GNU_CXX_NAMESPACE 1
| #define P_HAS_SEMAPHORES 1
| #define P_PTHREADS_XPG6 1
| #define P_HAS_SEMAPHORES_XPG6 1
| #define P_HAS_RECURSIVE_MUTEX 1
| #define P_SETPGRP_NOPARM 1
| #define HAVE_REGEX_H 1
| #define P_REGEX 1
| #define HAVE_DLFCN_H 1
| #define P_DYNALINK 1
| #define P_PLUGINS 1
| #define P_DEFAULT_PLUGIN_DIR "/opt/t38modem/lib/ptlib-2.9.0"
| /* end confdefs.h.  */
| #include <ac_nonexistent.h>
configure:9209: result: gcc -E
configure:9238: gcc -E  conftest.c
configure:9245: $? = 0
configure:9276: gcc -E  conftest.c
conftest.c:49:28: error: ac_nonexistent.h: No such file or directory
configure:9283: $? = 1
configure: failed program was:
| /* confdefs.h.  */
| #define PACKAGE_NAME ""
| #define PACKAGE_TARNAME ""
| #define PACKAGE_VERSION ""
| #define PACKAGE_STRING ""
| #define PACKAGE_BUGREPORT ""
| #define PTLIB_MAJOR 2
| #define PTLIB_MINOR 9
| #define PTLIB_BUILD 0
| #define PTLIB_VERSION "2.9.0"
| #define P_PTHREADS 1
| #define USE_SYSTEM_SWAB /**/
| #define P_LINUX "2.6.32-5-amd64"
| #define P_64BIT 1
| #define P_SHAREDLIBEXT $SHAREDLIBEXT
| #define STDC_HEADERS 1
| #define HAVE_SYS_TYPES_H 1
| #define HAVE_SYS_STAT_H 1
| #define HAVE_STDLIB_H 1
| #define HAVE_STRING_H 1
| #define HAVE_MEMORY_H 1
| #define HAVE_STRINGS_H 1
| #define HAVE_INTTYPES_H 1
| #define HAVE_STDINT_H 1
| #define HAVE_UNISTD_H 1
| #define PBYTE_ORDER PLITTLE_ENDIAN
| #define SIZEOF_INT 4
| #define HAVE_LONG_DOUBLE_WIDER 1
| #define HAVE_LONG_DOUBLE 1
| #define P_HAS_POSIX_READDIR_R 3
| #define P_USE_STANDARD_CXX_BOOL 1
| #define P_HAS_RECVMSG 1
| #define P_HAS_NETLINK 1
| #define P_HAS_STL_STREAMS 1
| #define P_HAS_ATOMIC_INT 1
| #define P_NEEDS_GNU_CXX_NAMESPACE 1
| #define P_HAS_SEMAPHORES 1
| #define P_PTHREADS_XPG6 1
| #define P_HAS_SEMAPHORES_XPG6 1
| #define P_HAS_RECURSIVE_MUTEX 1
| #define P_SETPGRP_NOPARM 1
| #define HAVE_REGEX_H 1
| #define P_REGEX 1
| #define HAVE_DLFCN_H 1
| #define P_DYNALINK 1
| #define P_PLUGINS 1
| #define P_DEFAULT_PLUGIN_DIR "/opt/t38modem/lib/ptlib-2.9.0"
| /* end confdefs.h.  */
| #include <ac_nonexistent.h>
configure:9327: checking for res_ninit
configure:9383: gcc -o conftest -g -O2   conftest.c  >&5
/tmp/ccmwCEty.o: In function `main':
/root/build/ptlib/conftest.c:83: undefined reference to `res_ninit'
collect2: ld returned 1 exit status
configure:9390: $? = 1
configure: failed program was:
| /* confdefs.h.  */
| #define PACKAGE_NAME ""
| #define PACKAGE_TARNAME ""
| #define PACKAGE_VERSION ""
| #define PACKAGE_STRING ""
| #define PACKAGE_BUGREPORT ""
| #define PTLIB_MAJOR 2
| #define PTLIB_MINOR 9
| #define PTLIB_BUILD 0
| #define PTLIB_VERSION "2.9.0"
| #define P_PTHREADS 1
| #define USE_SYSTEM_SWAB /**/
| #define P_LINUX "2.6.32-5-amd64"
| #define P_64BIT 1
| #define P_SHAREDLIBEXT $SHAREDLIBEXT
| #define STDC_HEADERS 1
| #define HAVE_SYS_TYPES_H 1
| #define HAVE_SYS_STAT_H 1
| #define HAVE_STDLIB_H 1
| #define HAVE_STRING_H 1
| #define HAVE_MEMORY_H 1
| #define HAVE_STRINGS_H 1
| #define HAVE_INTTYPES_H 1
| #define HAVE_STDINT_H 1
| #define HAVE_UNISTD_H 1
| #define PBYTE_ORDER PLITTLE_ENDIAN
| #define SIZEOF_INT 4
| #define HAVE_LONG_DOUBLE_WIDER 1
| #define HAVE_LONG_DOUBLE 1
| #define P_HAS_POSIX_READDIR_R 3
| #define P_USE_STANDARD_CXX_BOOL 1
| #define P_HAS_RECVMSG 1
| #define P_HAS_NETLINK 1
| #define P_HAS_STL_STREAMS 1
| #define P_HAS_ATOMIC_INT 1
| #define P_NEEDS_GNU_CXX_NAMESPACE 1
| #define P_HAS_SEMAPHORES 1
| #define P_PTHREADS_XPG6 1
| #define P_HAS_SEMAPHORES_XPG6 1
| #define P_HAS_RECURSIVE_MUTEX 1
| #define P_SETPGRP_NOPARM 1
| #define HAVE_REGEX_H 1
| #define P_REGEX 1
| #define HAVE_DLFCN_H 1
| #define P_DYNALINK 1
| #define P_PLUGINS 1
| #define P_DEFAULT_PLUGIN_DIR "/opt/t38modem/lib/ptlib-2.9.0"
| /* end confdefs.h.  */
| /* Define res_ninit to an innocuous variant, in case <limits.h> declares res_ninit.
|    For example, HP-UX 11i <limits.h> declares gettimeofday.  */
| #define res_ninit innocuous_res_ninit
| 
| /* System header to define __stub macros and hopefully few prototypes,
|     which can conflict with char res_ninit (); below.
|     Prefer <limits.h> to <assert.h> if __STDC__ is defined, since
|     <limits.h> exists even on freestanding compilers.  */
| 
| #ifdef __STDC__
| # include <limits.h>
| #else
| # include <assert.h>
| #endif
| 
| #undef res_ninit
| 
| /* Override any GCC internal prototype to avoid an error.
|    Use char because int might match the return type of a GCC
|    builtin and then its argument prototype would still apply.  */
| #ifdef __cplusplus
| extern "C"
| #endif
| char res_ninit ();
| /* The GNU C library defines this for functions which it implements
|     to always fail with ENOSYS.  Some functions are actually named
|     something starting with __ and the normal name is an alias.  */
| #if defined __stub_res_ninit || defined __stub___res_ninit
| choke me
| #endif
| 
| int
| main ()
| {
| return res_ninit ();
|   ;
|   return 0;
| }
configure:9410: result: no
configure:9421: checking for res_ninit in -lresolv
configure:9440: gcc -o conftest -g -O2   conftest.c  -lresolv >&5
configure:9447: $? = 0
configure:9471: result: yes
configure:9993: checking for sasl_version in -lsasl2
configure:10028: gcc -o conftest -g -O2   conftest.c -lsasl2   >&5
/usr/bin/ld: cannot find -lsasl2
collect2: ld returned 1 exit status
configure:10035: $? = 1
configure: failed program was:
| /* confdefs.h.  */
| #define PACKAGE_NAME ""
| #define PACKAGE_TARNAME ""
| #define PACKAGE_VERSION ""
| #define PACKAGE_STRING ""
| #define PACKAGE_BUGREPORT ""
| #define PTLIB_MAJOR 2
| #define PTLIB_MINOR 9
| #define PTLIB_BUILD 0
| #define PTLIB_VERSION "2.9.0"
| #define P_PTHREADS 1
| #define USE_SYSTEM_SWAB /**/
| #define P_LINUX "2.6.32-5-amd64"
| #define P_64BIT 1
| #define P_SHAREDLIBEXT $SHAREDLIBEXT
| #define STDC_HEADERS 1
| #define HAVE_SYS_TYPES_H 1
| #define HAVE_SYS_STAT_H 1
| #define HAVE_STDLIB_H 1
| #define HAVE_STRING_H 1
| #define HAVE_MEMORY_H 1
| #define HAVE_STRINGS_H 1
| #define HAVE_INTTYPES_H 1
| #define HAVE_STDINT_H 1
| #define HAVE_UNISTD_H 1
| #define PBYTE_ORDER PLITTLE_ENDIAN
| #define SIZEOF_INT 4
| #define HAVE_LONG_DOUBLE_WIDER 1
| #define HAVE_LONG_DOUBLE 1
| #define P_HAS_POSIX_READDIR_R 3
| #define P_USE_STANDARD_CXX_BOOL 1
| #define P_HAS_RECVMSG 1
| #define P_HAS_NETLINK 1
| #define P_HAS_STL_STREAMS 1
| #define P_HAS_ATOMIC_INT 1
| #define P_NEEDS_GNU_CXX_NAMESPACE 1
| #define P_HAS_SEMAPHORES 1
| #define P_PTHREADS_XPG6 1
| #define P_HAS_SEMAPHORES_XPG6 1
| #define P_HAS_RECURSIVE_MUTEX 1
| #define P_SETPGRP_NOPARM 1
| #define HAVE_REGEX_H 1
| #define P_REGEX 1
| #define HAVE_DLFCN_H 1
| #define P_DYNALINK 1
| #define P_PLUGINS 1
| #define P_DEFAULT_PLUGIN_DIR "/opt/t38modem/lib/ptlib-2.9.0"
| #define P_DNS 1
| #define P_HAS_RES_NINIT 1
| /* end confdefs.h.  */
| 
| /* Override any GCC internal prototype to avoid an error.
|    Use char because int might match the return type of a GCC
|    builtin and then its argument prototype would still apply.  */
| #ifdef __cplusplus
| extern "C"
| #endif
| char sasl_version ();
| int
| main ()
| {
| return sasl_version ();
|   ;
|   return 0;
| }
configure:10056: result: no
configure:10064: checking for sasl_client_out in -lsasl
configure:10099: gcc -o conftest -g -O2   conftest.c -lsasl   >&5
/usr/bin/ld: cannot find -lsasl
collect2: ld returned 1 exit status
configure:10106: $? = 1
configure: failed program was:
| /* confdefs.h.  */
| #define PACKAGE_NAME ""
| #define PACKAGE_TARNAME ""
| #define PACKAGE_VERSION ""
| #define PACKAGE_STRING ""
| #define PACKAGE_BUGREPORT ""
| #define PTLIB_MAJOR 2
| #define PTLIB_MINOR 9
| #define PTLIB_BUILD 0
| #define PTLIB_VERSION "2.9.0"
| #define P_PTHREADS 1
| #define USE_SYSTEM_SWAB /**/
| #define P_LINUX "2.6.32-5-amd64"
| #define P_64BIT 1
| #define P_SHAREDLIBEXT $SHAREDLIBEXT
| #define STDC_HEADERS 1
| #define HAVE_SYS_TYPES_H 1
| #define HAVE_SYS_STAT_H 1
| #define HAVE_STDLIB_H 1
| #define HAVE_STRING_H 1
| #define HAVE_MEMORY_H 1
| #define HAVE_STRINGS_H 1
| #define HAVE_INTTYPES_H 1
| #define HAVE_STDINT_H 1
| #define HAVE_UNISTD_H 1
| #define PBYTE_ORDER PLITTLE_ENDIAN
| #define SIZEOF_INT 4
| #define HAVE_LONG_DOUBLE_WIDER 1
| #define HAVE_LONG_DOUBLE 1
| #define P_HAS_POSIX_READDIR_R 3
| #define P_USE_STANDARD_CXX_BOOL 1
| #define P_HAS_RECVMSG 1
| #define P_HAS_NETLINK 1
| #define P_HAS_STL_STREAMS 1
| #define P_HAS_ATOMIC_INT 1
| #define P_NEEDS_GNU_CXX_NAMESPACE 1
| #define P_HAS_SEMAPHORES 1
| #define P_PTHREADS_XPG6 1
| #define P_HAS_SEMAPHORES_XPG6 1
| #define P_HAS_RECURSIVE_MUTEX 1
| #define P_SETPGRP_NOPARM 1
| #define HAVE_REGEX_H 1
| #define P_REGEX 1
| #define HAVE_DLFCN_H 1
| #define P_DYNALINK 1
| #define P_PLUGINS 1
| #define P_DEFAULT_PLUGIN_DIR "/opt/t38modem/lib/ptlib-2.9.0"
| #define P_DNS 1
| #define P_HAS_RES_NINIT 1
| /* end confdefs.h.  */
| 
| /* Override any GCC internal prototype to avoid an error.
|    Use char because int might match the return type of a GCC
|    builtin and then its argument prototype would still apply.  */
| #ifdef __cplusplus
| extern "C"
| #endif
| char sasl_client_out ();
| int
| main ()
| {
| return sasl_client_out ();
|   ;
|   return 0;
| }
configure:10127: result: no
configure:10138: checking if <sasl.h> works
configure:10153: gcc -c -g -O2  conftest.c >&5
conftest.c:2:48: error: sasl.h: No such file or directory
conftest.c: In function 'main':
conftest.c:4: error: 'SASL_LOG_PASS' undeclared (first use in this function)
conftest.c:4: error: (Each undeclared identifier is reported only once
conftest.c:4: error: for each function it appears in.)
configure:10160: $? = 1
configure: failed program was:
| 
|                               #include <sasl.h>
|                               int main(int argc,char **argv)
|                               { int v = SASL_LOG_PASS; }
| 
configure:10176: result: no
configure:10184: checking if <sasl/sasl.h> works
configure:10198: gcc -c -g -O2  conftest.c >&5
conftest.c:2:55: error: sasl/sasl.h: No such file or directory
conftest.c: In function 'main':
conftest.c:3: error: 'SASL_LOG_PASS' undeclared (first use in this function)
conftest.c:3: error: (Each undeclared identifier is reported only once
conftest.c:3: error: for each function it appears in.)
configure:10205: $? = 1
configure: failed program was:
| 
|                                 #include <sasl/sasl.h>
|                                 int main(int argc,char **argv){ int v = SASL_LOG_PASS; }
| 
configure:10221: result: no
configure:10273: SUN mlib disabled
configure:10429: checking ldap.h usability
configure:10446: gcc -c -g -O2   conftest.c >&5
conftest.c:84:18: error: ldap.h: No such file or directory
configure:10453: $? = 1
configure: failed program was:
| /* confdefs.h.  */
| #define PACKAGE_NAME ""
| #define PACKAGE_TARNAME ""
| #define PACKAGE_VERSION ""
| #define PACKAGE_STRING ""
| #define PACKAGE_BUGREPORT ""
| #define PTLIB_MAJOR 2
| #define PTLIB_MINOR 9
| #define PTLIB_BUILD 0
| #define PTLIB_VERSION "2.9.0"
| #define P_PTHREADS 1
| #define USE_SYSTEM_SWAB /**/
| #define P_LINUX "2.6.32-5-amd64"
| #define P_64BIT 1
| #define P_SHAREDLIBEXT $SHAREDLIBEXT
| #define STDC_HEADERS 1
| #define HAVE_SYS_TYPES_H 1
| #define HAVE_SYS_STAT_H 1
| #define HAVE_STDLIB_H 1
| #define HAVE_STRING_H 1
| #define HAVE_MEMORY_H 1
| #define HAVE_STRINGS_H 1
| #define HAVE_INTTYPES_H 1
| #define HAVE_STDINT_H 1
| #define HAVE_UNISTD_H 1
| #define PBYTE_ORDER PLITTLE_ENDIAN
| #define SIZEOF_INT 4
| #define HAVE_LONG_DOUBLE_WIDER 1
| #define HAVE_LONG_DOUBLE 1
| #define P_HAS_POSIX_READDIR_R 3
| #define P_USE_STANDARD_CXX_BOOL 1
| #define P_HAS_RECVMSG 1
| #define P_HAS_NETLINK 1
| #define P_HAS_STL_STREAMS 1
| #define P_HAS_ATOMIC_INT 1
| #define P_NEEDS_GNU_CXX_NAMESPACE 1
| #define P_HAS_SEMAPHORES 1
| #define P_PTHREADS_XPG6 1
| #define P_HAS_SEMAPHORES_XPG6 1
| #define P_HAS_RECURSIVE_MUTEX 1
| #define P_SETPGRP_NOPARM 1
| #define HAVE_REGEX_H 1
| #define P_REGEX 1
| #define HAVE_DLFCN_H 1
| #define P_DYNALINK 1
| #define P_PLUGINS 1
| #define P_DEFAULT_PLUGIN_DIR "/opt/t38modem/lib/ptlib-2.9.0"
| #define P_DNS 1
| #define P_HAS_RES_NINIT 1
| /* end confdefs.h.  */
| #include <stdio.h>
| #ifdef HAVE_SYS_TYPES_H
| # include <sys/types.h>
| #endif
| #ifdef HAVE_SYS_STAT_H
| # include <sys/stat.h>
| #endif
| #ifdef STDC_HEADERS
| # include <stdlib.h>
| # include <stddef.h>
| #else
| # ifdef HAVE_STDLIB_H
| #  include <stdlib.h>
| # endif
| #endif
| #ifdef HAVE_STRING_H
| # if !defined STDC_HEADERS && defined HAVE_MEMORY_H
| #  include <memory.h>
| # endif
| # include <string.h>
| #endif
| #ifdef HAVE_STRINGS_H
| # include <strings.h>
| #endif
| #ifdef HAVE_INTTYPES_H
| # include <inttypes.h>
| #endif
| #ifdef HAVE_STDINT_H
| # include <stdint.h>
| #endif
| #ifdef HAVE_UNISTD_H
| # include <unistd.h>
| #endif
| #include <ldap.h>
configure:10467: result: no
configure:10471: checking ldap.h presence
configure:10486: gcc -E  conftest.c
conftest.c:51:18: error: ldap.h: No such file or directory
configure:10493: $? = 1
configure: failed program was:
| /* confdefs.h.  */
| #define PACKAGE_NAME ""
| #define PACKAGE_TARNAME ""
| #define PACKAGE_VERSION ""
| #define PACKAGE_STRING ""
| #define PACKAGE_BUGREPORT ""
| #define PTLIB_MAJOR 2
| #define PTLIB_MINOR 9
| #define PTLIB_BUILD 0
| #define PTLIB_VERSION "2.9.0"
| #define P_PTHREADS 1
| #define USE_SYSTEM_SWAB /**/
| #define P_LINUX "2.6.32-5-amd64"
| #define P_64BIT 1
| #define P_SHAREDLIBEXT $SHAREDLIBEXT
| #define STDC_HEADERS 1
| #define HAVE_SYS_TYPES_H 1
| #define HAVE_SYS_STAT_H 1
| #define HAVE_STDLIB_H 1
| #define HAVE_STRING_H 1
| #define HAVE_MEMORY_H 1
| #define HAVE_STRINGS_H 1
| #define HAVE_INTTYPES_H 1
| #define HAVE_STDINT_H 1
| #define HAVE_UNISTD_H 1
| #define PBYTE_ORDER PLITTLE_ENDIAN
| #define SIZEOF_INT 4
| #define HAVE_LONG_DOUBLE_WIDER 1
| #define HAVE_LONG_DOUBLE 1
| #define P_HAS_POSIX_READDIR_R 3
| #define P_USE_STANDARD_CXX_BOOL 1
| #define P_HAS_RECVMSG 1
| #define P_HAS_NETLINK 1
| #define P_HAS_STL_STREAMS 1
| #define P_HAS_ATOMIC_INT 1
| #define P_NEEDS_GNU_CXX_NAMESPACE 1
| #define P_HAS_SEMAPHORES 1
| #define P_PTHREADS_XPG6 1
| #define P_HAS_SEMAPHORES_XPG6 1
| #define P_HAS_RECURSIVE_MUTEX 1
| #define P_SETPGRP_NOPARM 1
| #define HAVE_REGEX_H 1
| #define P_REGEX 1
| #define HAVE_DLFCN_H 1
| #define P_DYNALINK 1
| #define P_PLUGINS 1
| #define P_DEFAULT_PLUGIN_DIR "/opt/t38modem/lib/ptlib-2.9.0"
| #define P_DNS 1
| #define P_HAS_RES_NINIT 1
| /* end confdefs.h.  */
| #include <ldap.h>
configure:10507: result: no
configure:10535: checking for ldap.h
configure:10544: result: no
configure:10680: checking for OPENSSL
configure:10687: $PKG_CONFIG --exists --print-errors "openssl"
Package openssl was not found in the pkg-config search path.
Perhaps you should add the directory containing `openssl.pc'
to the PKG_CONFIG_PATH environment variable
No package 'openssl' found
configure:10690: $? = 1
configure:10703: $PKG_CONFIG --exists --print-errors "openssl"
Package openssl was not found in the pkg-config search path.
Perhaps you should add the directory containing `openssl.pc'
to the PKG_CONFIG_PATH environment variable
No package 'openssl' found
configure:10706: $? = 1
No package 'openssl' found
configure:10733: result: no
configure:11011: checking for d2i_DHparams_bio variants
configure:11035: gcc -c -g -O2  conftest.c >&5
conftest.c:51:24: error: openssl/dh.h: No such file or directory
conftest.c:52:42: error: openssl/asn1.h: No such file or directory
conftest.c: In function 'main':
conftest.c:56: error: 'BIO' undeclared (first use in this function)
conftest.c:56: error: (Each undeclared identifier is reported only once
conftest.c:56: error: for each function it appears in.)
conftest.c:56: error: 'in' undeclared (first use in this function)
conftest.c:56: error: 'NULL' undeclared (first use in this function)
configure:11042: $? = 1
configure: failed program was:
| /* confdefs.h.  */
| #define PACKAGE_NAME ""
| #define PACKAGE_TARNAME ""
| #define PACKAGE_VERSION ""
| #define PACKAGE_STRING ""
| #define PACKAGE_BUGREPORT ""
| #define PTLIB_MAJOR 2
| #define PTLIB_MINOR 9
| #define PTLIB_BUILD 0
| #define PTLIB_VERSION "2.9.0"
| #define P_PTHREADS 1
| #define USE_SYSTEM_SWAB /**/
| #define P_LINUX "2.6.32-5-amd64"
| #define P_64BIT 1
| #define P_SHAREDLIBEXT $SHAREDLIBEXT
| #define STDC_HEADERS 1
| #define HAVE_SYS_TYPES_H 1
| #define HAVE_SYS_STAT_H 1
| #define HAVE_STDLIB_H 1
| #define HAVE_STRING_H 1
| #define HAVE_MEMORY_H 1
| #define HAVE_STRINGS_H 1
| #define HAVE_INTTYPES_H 1
| #define HAVE_STDINT_H 1
| #define HAVE_UNISTD_H 1
| #define PBYTE_ORDER PLITTLE_ENDIAN
| #define SIZEOF_INT 4
| #define HAVE_LONG_DOUBLE_WIDER 1
| #define HAVE_LONG_DOUBLE 1
| #define P_HAS_POSIX_READDIR_R 3
| #define P_USE_STANDARD_CXX_BOOL 1
| #define P_HAS_RECVMSG 1
| #define P_HAS_NETLINK 1
| #define P_HAS_STL_STREAMS 1
| #define P_HAS_ATOMIC_INT 1
| #define P_NEEDS_GNU_CXX_NAMESPACE 1
| #define P_HAS_SEMAPHORES 1
| #define P_PTHREADS_XPG6 1
| #define P_HAS_SEMAPHORES_XPG6 1
| #define P_HAS_RECURSIVE_MUTEX 1
| #define P_SETPGRP_NOPARM 1
| #define HAVE_REGEX_H 1
| #define P_REGEX 1
| #define HAVE_DLFCN_H 1
| #define P_DYNALINK 1
| #define P_PLUGINS 1
| #define P_DEFAULT_PLUGIN_DIR "/opt/t38modem/lib/ptlib-2.9.0"
| #define P_DNS 1
| #define P_HAS_RES_NINIT 1
| /* end confdefs.h.  */
| #include <openssl/dh.h>
|                 #include <openssl/asn1.h>
| int
| main ()
| {
|  BIO * in; d2i_DHparams_bio(in, NULL);
|   ;
|   return 0;
| }
configure:11057: result: old
configure:11129: checking expat.h usability
configure:11146: gcc -c -g -O2   conftest.c >&5
configure:11153: $? = 0
configure:11167: result: yes
configure:11171: checking expat.h presence
configure:11186: gcc -E   conftest.c
configure:11193: $? = 0
configure:11207: result: yes
configure:11235: checking for expat.h
configure:11244: result: yes
configure:11262: checking for XML_ParserCreate in -lexpat
configure:11297: gcc -o conftest -g -O2    conftest.c -lexpat    >&5
configure:11304: $? = 0
configure:11325: result: yes
configure:11380: checking for IPv6 support
configure:11404: gcc -c -g -O2  conftest.c >&5
configure:11411: $? = 0
configure:11451: gcc -c -g -O2  conftest.c >&5
configure:11458: $? = 0
configure:11476: result: yes
configure:11490: checking for inet_ntop
configure:11515: gcc -c -g -O2  conftest.c >&5
configure:11522: $? = 0
configure:11544: result: yes
configure:11550: checking enable config file support
configure:11588: result: yes
configure:11602: checking enable URL support
configure:11640: result: yes
configure:11654: checking enable HTTP support
configure:11692: result: yes
configure:11706: checking enable HTTP forms support
configure:11744: result: yes
configure:11759: checking enable HTTP server support
configure:11797: result: yes
configure:11811: checking enable Jabber support
configure:11849: result: yes
configure:11863: checking enable VXML support
configure:11901: result: yes
configure:11915: checking enable XMLRPC support
configure:11953: result: yes
configure:11967: checking enable SOAP support
configure:12005: result: yes
configure:12020: checking enable Text-To-Speech server support
configure:12058: result: yes
configure:12072: checking enable ASN decoding/encoding support
configure:12110: result: yes
configure:12124: checking enable STUN support
configure:12162: result: yes
configure:12176: checking enable pipechannel support
configure:12214: result: yes
configure:12228: checking enable DTMF protocol support
configure:12266: result: yes
configure:12280: checking enable SOCKS protocol support
configure:12318: result: yes
configure:12332: checking enable FTP protocol support
configure:12370: result: yes
configure:12384: checking enable SNMP protocol support
configure:12422: result: yes
configure:12436: checking enable TELNET protocol support
configure:12474: result: yes
configure:12488: checking enable remote connection support
configure:12526: result: yes
configure:12540: checking enable serial port support
configure:12578: result: yes
configure:12592: checking enable POP3/SMTP support
configure:12630: result: yes
configure:12644: checking enable audio support
configure:12682: result: yes
configure:12696: checking enable WAVFILE support
configure:12734: result: yes
configure:12750: checking enable QOS support
configure:12788: result: yes
configure:12802: checking enable video device support
configure:12840: result: yes
configure:12861: checking enable video file support
configure:12899: result: yes
configure:12913: checking enable FFMpeg video file support
configure:12951: result: yes
configure:12965: checking enable application sharing support
configure:13007: result: no
configure:13017: checking enable shared memory video devices
configure:13055: result: yes
configure:13089: checking for SDL
configure:13096: $PKG_CONFIG --exists --print-errors "sdl"
Package sdl was not found in the pkg-config search path.
Perhaps you should add the directory containing `sdl.pc'
to the PKG_CONFIG_PATH environment variable
No package 'sdl' found
configure:13099: $? = 1
configure:13112: $PKG_CONFIG --exists --print-errors "sdl"
Package sdl was not found in the pkg-config search path.
Perhaps you should add the directory containing `sdl.pc'
to the PKG_CONFIG_PATH environment variable
No package 'sdl' found
configure:13115: $? = 1
No package 'sdl' found
configure:13142: result: no
configure:14619: checking enable video for windows capture
configure:14661: result: no
configure:14766: checking sql.h usability
configure:14783: gcc -c -g -O2   conftest.c >&5
conftest.c:117:17: error: sql.h: No such file or directory
configure:14790: $? = 1
configure: failed program was:
| /* confdefs.h.  */
| #define PACKAGE_NAME ""
| #define PACKAGE_TARNAME ""
| #define PACKAGE_VERSION ""
| #define PACKAGE_STRING ""
| #define PACKAGE_BUGREPORT ""
| #define PTLIB_MAJOR 2
| #define PTLIB_MINOR 9
| #define PTLIB_BUILD 0
| #define PTLIB_VERSION "2.9.0"
| #define P_PTHREADS 1
| #define USE_SYSTEM_SWAB /**/
| #define P_LINUX "2.6.32-5-amd64"
| #define P_64BIT 1
| #define P_SHAREDLIBEXT $SHAREDLIBEXT
| #define STDC_HEADERS 1
| #define HAVE_SYS_TYPES_H 1
| #define HAVE_SYS_STAT_H 1
| #define HAVE_STDLIB_H 1
| #define HAVE_STRING_H 1
| #define HAVE_MEMORY_H 1
| #define HAVE_STRINGS_H 1
| #define HAVE_INTTYPES_H 1
| #define HAVE_STDINT_H 1
| #define HAVE_UNISTD_H 1
| #define PBYTE_ORDER PLITTLE_ENDIAN
| #define SIZEOF_INT 4
| #define HAVE_LONG_DOUBLE_WIDER 1
| #define HAVE_LONG_DOUBLE 1
| #define P_HAS_POSIX_READDIR_R 3
| #define P_USE_STANDARD_CXX_BOOL 1
| #define P_HAS_RECVMSG 1
| #define P_HAS_NETLINK 1
| #define P_HAS_STL_STREAMS 1
| #define P_HAS_ATOMIC_INT 1
| #define P_NEEDS_GNU_CXX_NAMESPACE 1
| #define P_HAS_SEMAPHORES 1
| #define P_PTHREADS_XPG6 1
| #define P_HAS_SEMAPHORES_XPG6 1
| #define P_HAS_RECURSIVE_MUTEX 1
| #define P_SETPGRP_NOPARM 1
| #define HAVE_REGEX_H 1
| #define P_REGEX 1
| #define HAVE_DLFCN_H 1
| #define P_DYNALINK 1
| #define P_PLUGINS 1
| #define P_DEFAULT_PLUGIN_DIR "/opt/t38modem/lib/ptlib-2.9.0"
| #define P_DNS 1
| #define P_HAS_RES_NINIT 1
| #define P_d2i_DHparams_bio_OLD 1
| #define HAVE_EXPAT_H 1
| #define P_OEXPAT 1
| #define P_HAS_IPV6 1
| #define P_HAS_INET_NTOP 1
| #define P_CONFIG_FILE 1
| #define P_URL 1
| #define P_HTTP 1
| #define P_HTTPFORMS 1
| #define P_HTTPSVC 1
| #define P_JABBER 1
| #define P_VXML 1
| #define P_XMLRPC 1
| #define P_SOAP 1
| #define P_TTS 1
| #define P_ASN 1
| #define P_STUN 1
| #define P_PIPECHAN 1
| #define P_DTMF 1
| #define P_SOCKS 1
| #define P_FTP 1
| #define P_SNMP 1
| #define P_TELNET 1
| #define P_REMCONN 1
| #define P_SERIAL 1
| #define P_POP3SMTP 1
| #define P_AUDIO 1
| #define P_WAVFILE 1
| #define P_QOS 1
| #define P_VIDEO 1
| #define P_VIDFILE 1
| #define P_FFVDEV 1
| #define P_SHM_VIDEO 1
| /* end confdefs.h.  */
| #include <stdio.h>
| #ifdef HAVE_SYS_TYPES_H
| # include <sys/types.h>
| #endif
| #ifdef HAVE_SYS_STAT_H
| # include <sys/stat.h>
| #endif
| #ifdef STDC_HEADERS
| # include <stdlib.h>
| # include <stddef.h>
| #else
| # ifdef HAVE_STDLIB_H
| #  include <stdlib.h>
| # endif
| #endif
| #ifdef HAVE_STRING_H
| # if !defined STDC_HEADERS && defined HAVE_MEMORY_H
| #  include <memory.h>
| # endif
| # include <string.h>
| #endif
| #ifdef HAVE_STRINGS_H
| # include <strings.h>
| #endif
| #ifdef HAVE_INTTYPES_H
| # include <inttypes.h>
| #endif
| #ifdef HAVE_STDINT_H
| # include <stdint.h>
| #endif
| #ifdef HAVE_UNISTD_H
| # include <unistd.h>
| #endif
| #include <sql.h>
configure:14804: result: no
configure:14808: checking sql.h presence
configure:14823: gcc -E   conftest.c
conftest.c:84:17: error: sql.h: No such file or directory
configure:14830: $? = 1
configure: failed program was:
| /* confdefs.h.  */
| #define PACKAGE_NAME ""
| #define PACKAGE_TARNAME ""
| #define PACKAGE_VERSION ""
| #define PACKAGE_STRING ""
| #define PACKAGE_BUGREPORT ""
| #define PTLIB_MAJOR 2
| #define PTLIB_MINOR 9
| #define PTLIB_BUILD 0
| #define PTLIB_VERSION "2.9.0"
| #define P_PTHREADS 1
| #define USE_SYSTEM_SWAB /**/
| #define P_LINUX "2.6.32-5-amd64"
| #define P_64BIT 1
| #define P_SHAREDLIBEXT $SHAREDLIBEXT
| #define STDC_HEADERS 1
| #define HAVE_SYS_TYPES_H 1
| #define HAVE_SYS_STAT_H 1
| #define HAVE_STDLIB_H 1
| #define HAVE_STRING_H 1
| #define HAVE_MEMORY_H 1
| #define HAVE_STRINGS_H 1
| #define HAVE_INTTYPES_H 1
| #define HAVE_STDINT_H 1
| #define HAVE_UNISTD_H 1
| #define PBYTE_ORDER PLITTLE_ENDIAN
| #define SIZEOF_INT 4
| #define HAVE_LONG_DOUBLE_WIDER 1
| #define HAVE_LONG_DOUBLE 1
| #define P_HAS_POSIX_READDIR_R 3
| #define P_USE_STANDARD_CXX_BOOL 1
| #define P_HAS_RECVMSG 1
| #define P_HAS_NETLINK 1
| #define P_HAS_STL_STREAMS 1
| #define P_HAS_ATOMIC_INT 1
| #define P_NEEDS_GNU_CXX_NAMESPACE 1
| #define P_HAS_SEMAPHORES 1
| #define P_PTHREADS_XPG6 1
| #define P_HAS_SEMAPHORES_XPG6 1
| #define P_HAS_RECURSIVE_MUTEX 1
| #define P_SETPGRP_NOPARM 1
| #define HAVE_REGEX_H 1
| #define P_REGEX 1
| #define HAVE_DLFCN_H 1
| #define P_DYNALINK 1
| #define P_PLUGINS 1
| #define P_DEFAULT_PLUGIN_DIR "/opt/t38modem/lib/ptlib-2.9.0"
| #define P_DNS 1
| #define P_HAS_RES_NINIT 1
| #define P_d2i_DHparams_bio_OLD 1
| #define HAVE_EXPAT_H 1
| #define P_OEXPAT 1
| #define P_HAS_IPV6 1
| #define P_HAS_INET_NTOP 1
| #define P_CONFIG_FILE 1
| #define P_URL 1
| #define P_HTTP 1
| #define P_HTTPFORMS 1
| #define P_HTTPSVC 1
| #define P_JABBER 1
| #define P_VXML 1
| #define P_XMLRPC 1
| #define P_SOAP 1
| #define P_TTS 1
| #define P_ASN 1
| #define P_STUN 1
| #define P_PIPECHAN 1
| #define P_DTMF 1
| #define P_SOCKS 1
| #define P_FTP 1
| #define P_SNMP 1
| #define P_TELNET 1
| #define P_REMCONN 1
| #define P_SERIAL 1
| #define P_POP3SMTP 1
| #define P_AUDIO 1
| #define P_WAVFILE 1
| #define P_QOS 1
| #define P_VIDEO 1
| #define P_VIDFILE 1
| #define P_FFVDEV 1
| #define P_SHM_VIDEO 1
| /* end confdefs.h.  */
| #include <sql.h>
configure:14844: result: no
configure:14872: checking for sql.h
configure:14881: result: no
configure:15017: checking enable C++ exceptions
configure:15059: result: no
configure:15507: checking for a BSD-compatible install
configure:15575: result: /usr/bin/install -c
configure:15704: creating ./config.status

## ---------------------- ##
## Running config.status. ##
## ---------------------- ##

This file was extended by config.status, which was
generated by GNU Autoconf 2.63.  Invocation command line was

  CONFIG_FILES    = 
  CONFIG_HEADERS  = 
  CONFIG_LINKS    = 
  CONFIG_COMMANDS = 
  $ ./config.status 

on mcserver

config.status:930: creating make/ptbuildopts.mak
config.status:930: creating make/ptlib-config
config.status:930: creating Makefile
config.status:930: creating ptlib_cfg.dxy
config.status:930: creating ptlib.pc
config.status:930: creating include/ptbuildopts.h
config.status:1146: include/ptbuildopts.h is unchanged
configure:16922: === configuring in plugins (/root/build/ptlib/plugins)
configure:17025: running /bin/bash ./configure --disable-option-checking '--prefix=/opt/t38modem'  --cache-file=/dev/null --srcdir=.

## ---------------- ##
## Cache variables. ##
## ---------------- ##

ac_cv_build=x86_64-unknown-linux-gnu
ac_cv_c_bigendian=no
ac_cv_c_compiler_gnu=yes
ac_cv_c_long_double=yes
ac_cv_cxx_compiler_gnu=yes
ac_cv_env_CCC_set=
ac_cv_env_CCC_value=
ac_cv_env_CC_set=
ac_cv_env_CC_value=
ac_cv_env_CFLAGS_set=
ac_cv_env_CFLAGS_value=
ac_cv_env_CPPFLAGS_set=
ac_cv_env_CPPFLAGS_value=
ac_cv_env_CPP_set=
ac_cv_env_CPP_value=
ac_cv_env_CXXCPP_set=
ac_cv_env_CXXCPP_value=
ac_cv_env_CXXFLAGS_set=
ac_cv_env_CXXFLAGS_value=
ac_cv_env_CXX_set=
ac_cv_env_CXX_value=
ac_cv_env_LDFLAGS_set=
ac_cv_env_LDFLAGS_value=
ac_cv_env_LIBS_set=
ac_cv_env_LIBS_value=
ac_cv_env_OPENSSL_CFLAGS_set=
ac_cv_env_OPENSSL_CFLAGS_value=
ac_cv_env_OPENSSL_LIBS_set=
ac_cv_env_OPENSSL_LIBS_value=
ac_cv_env_PKG_CONFIG_set=
ac_cv_env_PKG_CONFIG_value=
ac_cv_env_SDL_CFLAGS_set=
ac_cv_env_SDL_CFLAGS_value=
ac_cv_env_SDL_LIBS_set=
ac_cv_env_SDL_LIBS_value=
ac_cv_env_build_alias_set=
ac_cv_env_build_alias_value=
ac_cv_env_host_alias_set=
ac_cv_env_host_alias_value=
ac_cv_env_target_alias_set=
ac_cv_env_target_alias_value=
ac_cv_func_regcomp=yes
ac_cv_func_res_ninit=no
ac_cv_func_swab=yes
ac_cv_header_dlfcn_h=yes
ac_cv_header_expat_h=yes
ac_cv_header_inttypes_h=yes
ac_cv_header_ldap_h=no
ac_cv_header_memory_h=yes
ac_cv_header_regex_h=yes
ac_cv_header_sql_h=no
ac_cv_header_stdc=yes
ac_cv_header_stdint_h=yes
ac_cv_header_stdlib_h=yes
ac_cv_header_string_h=yes
ac_cv_header_strings_h=yes
ac_cv_header_sys_stat_h=yes
ac_cv_header_sys_types_h=yes
ac_cv_header_unistd_h=yes
ac_cv_host=x86_64-unknown-linux-gnu
ac_cv_lib_dl_dlopen=yes
ac_cv_lib_expat_XML_ParserCreate=yes
ac_cv_lib_pthread_pthread_create=yes
ac_cv_lib_pthread_sem_timedwait=yes
ac_cv_lib_rt_clock_gettime=yes
ac_cv_lib_sasl2_sasl_version=no
ac_cv_lib_sasl_sasl_client_out=no
ac_cv_objext=o
ac_cv_path_BISON=/usr/bin/bison
ac_cv_path_EGREP='/bin/grep -E'
ac_cv_path_FLEX=/usr/bin/flex
ac_cv_path_GREP=/bin/grep
ac_cv_path_ac_pt_PKG_CONFIG=/usr/bin/pkg-config
ac_cv_path_install='/usr/bin/install -c'
ac_cv_prog_CPP='gcc -E'
ac_cv_prog_CXXCPP='g++ -E'
ac_cv_prog_ac_ct_AR=ar
ac_cv_prog_ac_ct_CC=gcc
ac_cv_prog_ac_ct_CXX=g++
ac_cv_prog_cc_c89=
ac_cv_prog_cc_g=yes
ac_cv_prog_cxx_g=yes
ac_cv_sizeof_int=4
ac_cv_target=x86_64-unknown-linux-gnu
ac_cv_type_long_double_wider=yes

## ----------------- ##
## Output variables. ##
## ----------------- ##

AR='ar'
BISON='/usr/bin/bison'
BUILD_NUMBER='0'
BUILD_TYPE='-beta'
CC='gcc'
CFLAGS='-g -O2'
CPP='gcc -E'
CPPFLAGS=''
CXX='g++'
CXXCPP='g++ -E'
CXXFLAGS='-g -O2'
DEBUG_FLAG='-g3 -ggdb -O0'
DEFS='-DHAVE_CONFIG_H'
DEV_PLUGIN_DIR='ptlib-2.9.0/devices'
ECHO_C=''
ECHO_N='-n'
ECHO_T=''
EGREP='/bin/grep -E'
ENDLDLIBS=' -lpthread -lrt -lexpat  -lresolv -ldl'
EXEEXT=''
FLEX='/usr/bin/flex'
GREP='/bin/grep'
HAS_APPSHARE=''
HAS_ASN='1'
HAS_AUDIO='1'
HAS_CONFIG_FILE='1'
HAS_DIRECTSHOW=''
HAS_DIRECTSOUND=''
HAS_DTMF='1'
HAS_EXCEPTIONS=''
HAS_EXPAT='1'
HAS_FFVDEV='1'
HAS_FTP='1'
HAS_HTTP='1'
HAS_HTTPFORMS='1'
HAS_HTTPSVC='1'
HAS_IPV6='1'
HAS_JABBER='1'
HAS_ODBC=''
HAS_OPENLDAP=''
HAS_OPENSSL=''
HAS_PIPECHAN='1'
HAS_PLUGINS='1'
HAS_POP3SMTP='1'
HAS_QOS='1'
HAS_REGEX='1'
HAS_REMCONN='1'
HAS_RESOLVER='1'
HAS_SAMPLES=''
HAS_SASL2=''
HAS_SASL=''
HAS_SDL=''
HAS_SERIAL='1'
HAS_SHM_VIDEO='1'
HAS_SNMP='1'
HAS_SOAP='1'
HAS_SOCKS='1'
HAS_STUN='1'
HAS_TELNET='1'
HAS_TTS='1'
HAS_URL='1'
HAS_VFW_CAPTURE=''
HAS_VIDEO='1'
HAS_VIDEO_CAPTURE='1'
HAS_VIDFILE='1'
HAS_VXML='1'
HAS_WAVFILE='1'
HAS_XMLRPC='1'
INSTALL_DATA='${INSTALL} -m 644'
INSTALL_PROGRAM='${INSTALL}'
INSTALL_SCRIPT='${INSTALL}'
LDFLAGS=''
LIBDIR='${exec_prefix}/lib'
LIBOBJS=''
LIBS=''
LTLIBOBJS=''
MACHTYPE='x86_64'
MAJOR_VERSION='2'
MINOR_VERSION='9'
OBJEXT='o'
OPENSSL_CFLAGS=''
OPENSSL_LIBS=''
OPTSTDCCFLAGS=''
OSRELEASE='"2.6.32-5-amd64"'
OSTYPE='linux'
PACKAGE_BUGREPORT=''
PACKAGE_NAME=''
PACKAGE_STRING=''
PACKAGE_TARNAME=''
PACKAGE_VERSION=''
PATH_SEPARATOR=':'
PKG_CONFIG='/usr/bin/pkg-config'
PTINSTDIR=''
PTLIBDIR='/root/build/ptlib'
PTLIB_ASN='yes'
PTLIB_AUDIO='yes'
PTLIB_CONFIG_FILE='yes'
PTLIB_DTMF='yes'
PTLIB_EXPAT='yes'
PTLIB_FFVDEV='yes'
PTLIB_FTP='yes'
PTLIB_HTTP='yes'
PTLIB_HTTPFORMS='yes'
PTLIB_HTTPSVC='yes'
PTLIB_IPV6='yes'
PTLIB_JABBER='yes'
PTLIB_ODBC='no'
PTLIB_OPENLDAP='no'
PTLIB_OPENSSL='no'
PTLIB_OPENSSL_AES='no'
PTLIB_PIPECHAN='yes'
PTLIB_POP3SMTP='yes'
PTLIB_REGEX='yes'
PTLIB_REMCONN='yes'
PTLIB_RESOLVER='yes'
PTLIB_SASL2='no'
PTLIB_SASL='no'
PTLIB_SDL='no'
PTLIB_SERIAL='yes'
PTLIB_SHM_VIDEO='yes'
PTLIB_SNMP='yes'
PTLIB_SOAP='yes'
PTLIB_SOCKAGG='no'
PTLIB_SOCKS='yes'
PTLIB_STUN='yes'
PTLIB_TELNET='yes'
PTLIB_TTS='yes'
PTLIB_URL='yes'
PTLIB_VERSION='2.9.0'
PTLIB_VIDEO='yes'
PTLIB_VIDEO_CAPTURE='yes'
PTLIB_VIDFILE='yes'
PTLIB_VXML='yes'
PTLIB_WAVFILE='yes'
PTLIB_XMLRPC='yes'
P_STATIC_ENDLDLIBS=''
P_STATIC_LDFLAGS=''
SDL_CFLAGS=''
SDL_LIBS=''
SHAREDLIBEXT='so'
SHELL='/bin/bash'
STDCCFLAGS=' -DP_64BIT -DPTRACING=1 -D_REENTRANT   -fno-exceptions'
STDCXXFLAGS=' -felide-constructors -Wreorder'
TARGETDIR='unix'
USE_GCC='yes'
USE_PCH='1'
ac_ct_CC='gcc'
ac_ct_CXX='g++'
bindir='${exec_prefix}/bin'
build='x86_64-unknown-linux-gnu'
build_alias=''
build_cpu='x86_64'
build_os='linux-gnu'
build_vendor='unknown'
datadir='${datarootdir}'
datarootdir='${prefix}/share'
docdir='${datarootdir}/doc/${PACKAGE}'
dvidir='${docdir}'
exec_prefix='${prefix}'
host='x86_64-unknown-linux-gnu'
host_alias=''
host_cpu='x86_64'
host_os='linux-gnu'
host_vendor='unknown'
htmldir='${docdir}'
includedir='${prefix}/include'
infodir='${datarootdir}/info'
libdir='${exec_prefix}/lib'
libexecdir='${exec_prefix}/libexec'
localedir='${datarootdir}/locale'
localstatedir='${prefix}/var'
mandir='${datarootdir}/man'
oldincludedir='/usr/include'
pdfdir='${docdir}'
prefix='/opt/t38modem'
program_transform_name='s,x,x,'
psdir='${docdir}'
sbindir='${exec_prefix}/sbin'
sharedstatedir='${prefix}/com'
subdirs=' plugins'
sysconfdir='${prefix}/etc'
target='x86_64-unknown-linux-gnu'
target_alias=''
target_cpu='x86_64'
target_os='linux-gnu'
target_vendor='unknown'

## ----------- ##
## confdefs.h. ##
## ----------- ##

#define PACKAGE_NAME ""
#define PACKAGE_TARNAME ""
#define PACKAGE_VERSION ""
#define PACKAGE_STRING ""
#define PACKAGE_BUGREPORT ""
#define PTLIB_MAJOR 2
#define PTLIB_MINOR 9
#define PTLIB_BUILD 0
#define PTLIB_VERSION "2.9.0"
#define P_PTHREADS 1
#define USE_SYSTEM_SWAB /**/
#define P_LINUX "2.6.32-5-amd64"
#define P_64BIT 1
#define P_SHAREDLIBEXT $SHAREDLIBEXT
#define STDC_HEADERS 1
#define HAVE_SYS_TYPES_H 1
#define HAVE_SYS_STAT_H 1
#define HAVE_STDLIB_H 1
#define HAVE_STRING_H 1
#define HAVE_MEMORY_H 1
#define HAVE_STRINGS_H 1
#define HAVE_INTTYPES_H 1
#define HAVE_STDINT_H 1
#define HAVE_UNISTD_H 1
#define PBYTE_ORDER PLITTLE_ENDIAN
#define SIZEOF_INT 4
#define HAVE_LONG_DOUBLE_WIDER 1
#define HAVE_LONG_DOUBLE 1
#define P_HAS_POSIX_READDIR_R 3
#define P_USE_STANDARD_CXX_BOOL 1
#define P_HAS_RECVMSG 1
#define P_HAS_NETLINK 1
#define P_HAS_STL_STREAMS 1
#define P_HAS_ATOMIC_INT 1
#define P_NEEDS_GNU_CXX_NAMESPACE 1
#define P_HAS_SEMAPHORES 1
#define P_PTHREADS_XPG6 1
#define P_HAS_SEMAPHORES_XPG6 1
#define P_HAS_RECURSIVE_MUTEX 1
#define P_SETPGRP_NOPARM 1
#define HAVE_REGEX_H 1
#define P_REGEX 1
#define HAVE_DLFCN_H 1
#define P_DYNALINK 1
#define P_PLUGINS 1
#define P_DEFAULT_PLUGIN_DIR "/opt/t38modem/lib/ptlib-2.9.0"
#define P_DNS 1
#define P_HAS_RES_NINIT 1
#define P_d2i_DHparams_bio_OLD 1
#define HAVE_EXPAT_H 1
#define P_OEXPAT 1
#define P_HAS_IPV6 1
#define P_HAS_INET_NTOP 1
#define P_CONFIG_FILE 1
#define P_URL 1
#define P_HTTP 1
#define P_HTTPFORMS 1
#define P_HTTPSVC 1
#define P_JABBER 1
#define P_VXML 1
#define P_XMLRPC 1
#define P_SOAP 1
#define P_TTS 1
#define P_ASN 1
#define P_STUN 1
#define P_PIPECHAN 1
#define P_DTMF 1
#define P_SOCKS 1
#define P_FTP 1
#define P_SNMP 1
#define P_TELNET 1
#define P_REMCONN 1
#define P_SERIAL 1
#define P_POP3SMTP 1
#define P_AUDIO 1
#define P_WAVFILE 1
#define P_QOS 1
#define P_VIDEO 1
#define P_VIDFILE 1
#define P_FFVDEV 1
#define P_SHM_VIDEO 1

configure: exit 0
