This file contains any messages produced by compilers while
running configure, to aid debugging if configure makes a mistake.

It was created by configure, which was
generated by GNU Autoconf 2.63.  Invocation command line was

  $ ./configure --disable-option-checking --prefix=/opt/t38modem --cache-file=/dev/null --srcdir=.

## --------- ##
## Platform. ##
## --------- ##

hostname = mcserver
uname -m = x86_64
uname -r = 2.6.32-5-amd64
uname -s = Linux
uname -v = #1 SMP Thu Mar 22 17:26:33 UTC 2012

/usr/bin/uname -p = unknown
/bin/uname -X     = unknown

/bin/arch              = unknown
/usr/bin/arch -k       = unknown
/usr/convex/getsysinfo = unknown
/usr/bin/hostinfo      = unknown
/bin/machine           = unknown
/usr/bin/oslevel       = unknown
/bin/universe          = unknown

PATH: /usr/local/sbin
PATH: /usr/local/bin
PATH: /usr/sbin
PATH: /usr/bin
PATH: /sbin
PATH: /bin
PATH: /opt/dell/srvadmin/bin
PATH: /opt/dell/srvadmin/sbin


## ----------- ##
## Core tests. ##
## ----------- ##

configure:1984: checking for pkg-config
configure:2002: found /usr/bin/pkg-config
configure:2014: result: /usr/bin/pkg-config
configure:2039: checking pkg-config is at least version 0.9.0
configure:2042: result: yes
configure:2088: checking build system type
configure:2106: result: x86_64-unknown-linux-gnu
configure:2128: checking host system type
configure:2143: result: x86_64-unknown-linux-gnu
configure:2165: checking target system type
configure:2180: result: x86_64-unknown-linux-gnu
configure:2326: checking Debugging support
configure:2328: result: no
configure:2393: checking for g++
configure:2409: found /usr/bin/g++
configure:2420: result: g++
configure:2447: checking for C++ compiler version
configure:2455: g++ --version >&5
g++ (Debian 4.4.5-8) 4.4.5
Copyright (C) 2010 Free Software Foundation, Inc.
This is free software; see the source for copying conditions.  There is NO
warranty; not even for MERCHANTABILITY or FITNESS FOR A PARTICULAR PURPOSE.

configure:2459: $? = 0
configure:2466: g++ -v >&5
Using built-in specs.
Target: x86_64-linux-gnu
Configured with: ../src/configure -v --with-pkgversion='Debian 4.4.5-8' --with-bugurl=file:///usr/share/doc/gcc-4.4/README.Bugs --enable-languages=c,c++,fortran,objc,obj-c++ --prefix=/usr --program-suffix=-4.4 --enable-shared --enable-multiarch --enable-linker-build-id --with-system-zlib --libexecdir=/usr/lib --without-included-gettext --enable-threads=posix --with-gxx-include-dir=/usr/include/c++/4.4 --libdir=/usr/lib --enable-nls --enable-clocale=gnu --enable-libstdcxx-debug --enable-objc-gc --with-arch-32=i586 --with-tune=generic --enable-checking=release --build=x86_64-linux-gnu --host=x86_64-linux-gnu --target=x86_64-linux-gnu
Thread model: posix
gcc version 4.4.5 (Debian 4.4.5-8) 
configure:2470: $? = 0
configure:2477: g++ -V >&5
g++: '-V' option must have argument
configure:2481: $? = 1
configure:2504: checking for C++ compiler default output file name
configure:2526: g++  -Os    conftest.cpp  >&5
configure:2530: $? = 0
configure:2568: result: a.out
configure:2587: checking whether the C++ compiler works
configure:2597: ./a.out
configure:2601: $? = 0
configure:2620: result: yes
configure:2627: checking whether we are cross compiling
configure:2629: result: no
configure:2632: checking for suffix of executables
configure:2639: g++ -o conftest  -Os    conftest.cpp  >&5
configure:2643: $? = 0
configure:2669: result: 
configure:2675: checking for suffix of object files
configure:2701: g++ -c  -Os   conftest.cpp >&5
configure:2705: $? = 0
configure:2730: result: o
configure:2734: checking whether we are using the GNU C++ compiler
configure:2763: g++ -c  -Os   conftest.cpp >&5
configure:2770: $? = 0
configure:2787: result: yes
configure:2796: checking whether g++ accepts -g
configure:2826: g++ -c -g  conftest.cpp >&5
configure:2833: $? = 0
configure:2934: result: yes
configure:3005: checking for gcc
configure:3021: found /usr/bin/gcc
configure:3032: result: gcc
configure:3264: checking for C compiler version
configure:3272: gcc --version >&5
gcc (Debian 4.4.5-8) 4.4.5
Copyright (C) 2010 Free Software Foundation, Inc.
This is free software; see the source for copying conditions.  There is NO
warranty; not even for MERCHANTABILITY or FITNESS FOR A PARTICULAR PURPOSE.

configure:3276: $? = 0
configure:3283: gcc -v >&5
Using built-in specs.
Target: x86_64-linux-gnu
Configured with: ../src/configure -v --with-pkgversion='Debian 4.4.5-8' --with-bugurl=file:///usr/share/doc/gcc-4.4/README.Bugs --enable-languages=c,c++,fortran,objc,obj-c++ --prefix=/usr --program-suffix=-4.4 --enable-shared --enable-multiarch --enable-linker-build-id --with-system-zlib --libexecdir=/usr/lib --without-included-gettext --enable-threads=posix --with-gxx-include-dir=/usr/include/c++/4.4 --libdir=/usr/lib --enable-nls --enable-clocale=gnu --enable-libstdcxx-debug --enable-objc-gc --with-arch-32=i586 --with-tune=generic --enable-checking=release --build=x86_64-linux-gnu --host=x86_64-linux-gnu --target=x86_64-linux-gnu
Thread model: posix
gcc version 4.4.5 (Debian 4.4.5-8) 
configure:3287: $? = 0
configure:3294: gcc -V >&5
gcc: '-V' option must have argument
configure:3298: $? = 1
configure:3301: checking whether we are using the GNU C compiler
configure:3330: gcc -c  -Os   conftest.c >&5
configure:3337: $? = 0
configure:3354: result: yes
configure:3363: checking whether gcc accepts -g
configure:3393: gcc -c -g  conftest.c >&5
configure:3400: $? = 0
configure:3501: result: yes
configure:3518: checking for gcc option to accept ISO C89
configure:3592: gcc  -c  -Os   conftest.c >&5
configure:3599: $? = 0
configure:3622: result: none needed
configure:3654: checking for a BSD-compatible install
configure:3722: result: /usr/bin/install -c
configure:3776: checking for ranlib
configure:3792: found /usr/bin/ranlib
configure:3803: result: ranlib
configure:3868: checking for nm
configure:3884: found /usr/bin/nm
configure:3895: result: nm
configure:3960: checking for ldd
configure:3976: found /usr/bin/ldd
configure:3987: result: ldd
configure:4052: checking for objdump
configure:4068: found /usr/bin/objdump
configure:4079: result: objdump
configure:4108: checking how to run the C preprocessor
configure:4148: gcc -E  conftest.c
configure:4155: $? = 0
configure:4186: gcc -E  conftest.c
conftest.c:8:28: error: ac_nonexistent.h: No such file or directory
configure:4193: $? = 1
configure: failed program was:
| /* confdefs.h.  */
| #define PACKAGE_NAME ""
| #define PACKAGE_TARNAME ""
| #define PACKAGE_VERSION ""
| #define PACKAGE_STRING ""
| #define PACKAGE_BUGREPORT ""
| /* end confdefs.h.  */
| #include <ac_nonexistent.h>
configure:4226: result: gcc -E
configure:4255: gcc -E  conftest.c
configure:4262: $? = 0
configure:4293: gcc -E  conftest.c
conftest.c:8:28: error: ac_nonexistent.h: No such file or directory
configure:4300: $? = 1
configure: failed program was:
| /* confdefs.h.  */
| #define PACKAGE_NAME ""
| #define PACKAGE_TARNAME ""
| #define PACKAGE_VERSION ""
| #define PACKAGE_STRING ""
| #define PACKAGE_BUGREPORT ""
| /* end confdefs.h.  */
| #include <ac_nonexistent.h>
configure:4340: checking for grep that handles long lines and -e
configure:4400: result: /bin/grep
configure:4405: checking for egrep
configure:4469: result: /bin/grep -E
configure:4474: checking for ANSI C header files
configure:4504: gcc -c  -Os   conftest.c >&5
configure:4511: $? = 0
configure:4610: gcc -o conftest  -Os    conftest.c  >&5
configure:4614: $? = 0
configure:4620: ./conftest
configure:4624: $? = 0
configure:4642: result: yes
configure:4666: checking for sys/types.h
configure:4687: gcc -c  -Os   conftest.c >&5
configure:4694: $? = 0
configure:4711: result: yes
configure:4666: checking for sys/stat.h
configure:4687: gcc -c  -Os   conftest.c >&5
configure:4694: $? = 0
configure:4711: result: yes
configure:4666: checking for stdlib.h
configure:4687: gcc -c  -Os   conftest.c >&5
configure:4694: $? = 0
configure:4711: result: yes
configure:4666: checking for string.h
configure:4687: gcc -c  -Os   conftest.c >&5
configure:4694: $? = 0
configure:4711: result: yes
configure:4666: checking for memory.h
configure:4687: gcc -c  -Os   conftest.c >&5
configure:4694: $? = 0
configure:4711: result: yes
configure:4666: checking for strings.h
configure:4687: gcc -c  -Os   conftest.c >&5
configure:4694: $? = 0
configure:4711: result: yes
configure:4666: checking for inttypes.h
configure:4687: gcc -c  -Os   conftest.c >&5
configure:4694: $? = 0
configure:4711: result: yes
configure:4666: checking for stdint.h
configure:4687: gcc -c  -Os   conftest.c >&5
configure:4694: $? = 0
configure:4711: result: yes
configure:4666: checking for unistd.h
configure:4687: gcc -c  -Os   conftest.c >&5
configure:4694: $? = 0
configure:4711: result: yes
configure:4744: checking stddef.h usability
configure:4761: gcc -c  -Os   conftest.c >&5
configure:4768: $? = 0
configure:4782: result: yes
configure:4786: checking stddef.h presence
configure:4801: gcc -E  conftest.c
configure:4808: $? = 0
configure:4822: result: yes
configure:4850: checking for stddef.h
configure:4859: result: yes
configure:4744: checking limits.h usability
configure:4761: gcc -c  -Os   conftest.c >&5
configure:4768: $? = 0
configure:4782: result: yes
configure:4786: checking limits.h presence
configure:4801: gcc -E  conftest.c
configure:4808: $? = 0
configure:4822: result: yes
configure:4850: checking for limits.h
configure:4859: result: yes
configure:4744: checking float.h usability
configure:4761: gcc -c  -Os   conftest.c >&5
configure:4768: $? = 0
configure:4782: result: yes
configure:4786: checking float.h presence
configure:4801: gcc -E  conftest.c
configure:4808: $? = 0
configure:4822: result: yes
configure:4850: checking for float.h
configure:4859: result: yes
configure:4744: checking fcntl.h usability
configure:4761: gcc -c  -Os   conftest.c >&5
configure:4768: $? = 0
configure:4782: result: yes
configure:4786: checking fcntl.h presence
configure:4801: gcc -E  conftest.c
configure:4808: $? = 0
configure:4822: result: yes
configure:4850: checking for fcntl.h
configure:4859: result: yes
configure:4884: checking OPAL Version
configure:4886: result: 3.9.0
configure:4913: checking Plugin install directory
configure:4915: result: /opt/t38modem/lib/opal-3.9.0
configure:6542: checking sys/time.h usability
configure:6559: gcc -c  -Os   conftest.c >&5
configure:6566: $? = 0
configure:6580: result: yes
configure:6584: checking sys/time.h presence
configure:6599: gcc -E  conftest.c
configure:6606: $? = 0
configure:6620: result: yes
configure:6648: checking for sys/time.h
configure:6657: result: yes
configure:6542: checking sys/file.h usability
configure:6559: gcc -c  -Os   conftest.c >&5
configure:6566: $? = 0
configure:6580: result: yes
configure:6584: checking sys/file.h presence
configure:6599: gcc -E  conftest.c
configure:6606: $? = 0
configure:6620: result: yes
configure:6648: checking for sys/file.h
configure:6657: result: yes
configure:6542: checking netinet/in.h usability
configure:6559: gcc -c  -Os   conftest.c >&5
configure:6566: $? = 0
configure:6580: result: yes
configure:6584: checking netinet/in.h presence
configure:6599: gcc -E  conftest.c
configure:6606: $? = 0
configure:6620: result: yes
configure:6648: checking for netinet/in.h
configure:6657: result: yes
configure:6688: checking vfork.h usability
configure:6705: gcc -c  -Os   conftest.c >&5
conftest.c:58:19: error: vfork.h: No such file or directory
configure:6712: $? = 1
configure: failed program was:
| /* confdefs.h.  */
| #define PACKAGE_NAME ""
| #define PACKAGE_TARNAME ""
| #define PACKAGE_VERSION ""
| #define PACKAGE_STRING ""
| #define PACKAGE_BUGREPORT ""
| #define STDC_HEADERS 1
| #define HAVE_SYS_TYPES_H 1
| #define HAVE_SYS_STAT_H 1
| #define HAVE_STDLIB_H 1
| #define HAVE_STRING_H 1
| #define HAVE_MEMORY_H 1
| #define HAVE_STRINGS_H 1
| #define HAVE_INTTYPES_H 1
| #define HAVE_STDINT_H 1
| #define HAVE_UNISTD_H 1
| #define HAVE_STDDEF_H 1
| #define HAVE_LIMITS_H 1
| #define HAVE_FLOAT_H 1
| #define HAVE_FCNTL_H 1
| #define HAVE_SYS_TIME_H 1
| #define HAVE_SYS_FILE_H 1
| #define HAVE_NETINET_IN_H 1
| /* end confdefs.h.  */
| #include <stdio.h>
| #ifdef HAVE_SYS_TYPES_H
| # include <sys/types.h>
| #endif
| #ifdef HAVE_SYS_STAT_H
| # include <sys/stat.h>
| #endif
| #ifdef STDC_HEADERS
| # include <stdlib.h>
| # include <stddef.h>
| #else
| # ifdef HAVE_STDLIB_H
| #  include <stdlib.h>
| # endif
| #endif
| #ifdef HAVE_STRING_H
| # if !defined STDC_HEADERS && defined HAVE_MEMORY_H
| #  include <memory.h>
| # endif
| # include <string.h>
| #endif
| #ifdef HAVE_STRINGS_H
| # include <strings.h>
| #endif
| #ifdef HAVE_INTTYPES_H
| # include <inttypes.h>
| #endif
| #ifdef HAVE_STDINT_H
| # include <stdint.h>
| #endif
| #ifdef HAVE_UNISTD_H
| # include <unistd.h>
| #endif
| #include <vfork.h>
configure:6726: result: no
configure:6730: checking vfork.h presence
configure:6745: gcc -E  conftest.c
conftest.c:25:19: error: vfork.h: No such file or directory
configure:6752: $? = 1
configure: failed program was:
| /* confdefs.h.  */
| #define PACKAGE_NAME ""
| #define PACKAGE_TARNAME ""
| #define PACKAGE_VERSION ""
| #define PACKAGE_STRING ""
| #define PACKAGE_BUGREPORT ""
| #define STDC_HEADERS 1
| #define HAVE_SYS_TYPES_H 1
| #define HAVE_SYS_STAT_H 1
| #define HAVE_STDLIB_H 1
| #define HAVE_STRING_H 1
| #define HAVE_MEMORY_H 1
| #define HAVE_STRINGS_H 1
| #define HAVE_INTTYPES_H 1
| #define HAVE_STDINT_H 1
| #define HAVE_UNISTD_H 1
| #define HAVE_STDDEF_H 1
| #define HAVE_LIMITS_H 1
| #define HAVE_FLOAT_H 1
| #define HAVE_FCNTL_H 1
| #define HAVE_SYS_TIME_H 1
| #define HAVE_SYS_FILE_H 1
| #define HAVE_NETINET_IN_H 1
| /* end confdefs.h.  */
| #include <vfork.h>
configure:6766: result: no
configure:6794: checking for vfork.h
configure:6803: result: no
configure:6823: checking for fork
configure:6879: gcc -o conftest  -Os    conftest.c  >&5
conftest.c:48: warning: conflicting types for built-in function 'fork'
configure:6886: $? = 0
configure:6908: result: yes
configure:6823: checking for vfork
configure:6879: gcc -o conftest  -Os    conftest.c  >&5
configure:6886: $? = 0
configure:6908: result: yes
configure:6921: checking for working fork
configure:6953: gcc -o conftest  -Os    conftest.c  >&5
configure:6957: $? = 0
configure:6963: ./conftest
configure:6967: $? = 0
configure:6984: result: yes
configure:7005: checking for working vfork
configure:7146: result: yes
configure:7402: checking for gsm_create in -lgsm
configure:7437: gcc -o conftest  -Os    conftest.c -lgsm   >&5
/usr/bin/ld: cannot find -lgsm
collect2: ld returned 1 exit status
configure:7444: $? = 1
configure: failed program was:
| /* confdefs.h.  */
| #define PACKAGE_NAME ""
| #define PACKAGE_TARNAME ""
| #define PACKAGE_VERSION ""
| #define PACKAGE_STRING ""
| #define PACKAGE_BUGREPORT ""
| #define STDC_HEADERS 1
| #define HAVE_SYS_TYPES_H 1
| #define HAVE_SYS_STAT_H 1
| #define HAVE_STDLIB_H 1
| #define HAVE_STRING_H 1
| #define HAVE_MEMORY_H 1
| #define HAVE_STRINGS_H 1
| #define HAVE_INTTYPES_H 1
| #define HAVE_STDINT_H 1
| #define HAVE_UNISTD_H 1
| #define HAVE_STDDEF_H 1
| #define HAVE_LIMITS_H 1
| #define HAVE_FLOAT_H 1
| #define HAVE_FCNTL_H 1
| #define HAVE_SYS_TIME_H 1
| #define HAVE_SYS_FILE_H 1
| #define HAVE_NETINET_IN_H 1
| #define HAVE_FORK 1
| #define HAVE_VFORK 1
| #define HAVE_WORKING_VFORK 1
| #define HAVE_WORKING_FORK 1
| /* end confdefs.h.  */
| 
| /* Override any GCC internal prototype to avoid an error.
|    Use char because int might match the return type of a GCC
|    builtin and then its argument prototype would still apply.  */
| #ifdef __cplusplus
| extern "C"
| #endif
| char gsm_create ();
| int
| main ()
| {
| return gsm_create ();
|   ;
|   return 0;
| }
configure:7465: result: no
configure:7589: checking size of short
configure:7894: gcc -o conftest    conftest.c  >&5
configure:7898: $? = 0
configure:7904: ./conftest
configure:7908: $? = 0
configure:7934: result: 2
configure:7948: checking size of int
configure:8253: gcc -o conftest    conftest.c  >&5
configure:8257: $? = 0
configure:8263: ./conftest
configure:8267: $? = 0
configure:8293: result: 4
configure:8307: checking size of long
configure:8612: gcc -o conftest    conftest.c  >&5
configure:8616: $? = 0
configure:8622: ./conftest
configure:8626: $? = 0
configure:8652: result: 8
configure:8666: checking size of long long
configure:8971: gcc -o conftest    conftest.c  >&5
configure:8975: $? = 0
configure:8981: ./conftest
configure:8985: $? = 0
configure:9011: result: 8
configure:9046: checking internal Speex version
configure:9059: result: 1.1.11.1
configure:9148: checking whether system Speex or internal Speex is more recent
configure:9152: checking for SPEEX
configure:9159: $PKG_CONFIG --exists --print-errors "speex >= $SPEEX_INTERNAL_VERSION"
Package speex was not found in the pkg-config search path.
Perhaps you should add the directory containing `speex.pc'
to the PKG_CONFIG_PATH environment variable
No package 'speex' found
configure:9162: $? = 1
configure:9175: $PKG_CONFIG --exists --print-errors "speex >= $SPEEX_INTERNAL_VERSION"
Package speex was not found in the pkg-config search path.
Perhaps you should add the directory containing `speex.pc'
to the PKG_CONFIG_PATH environment variable
No package 'speex' found
configure:9178: $? = 1
No package 'speex' found
configure:9205: result: no
configure:9209: result: internal Speex version is more recent than system Speex or system Speex not found
configure:9250: checking if iLBC is installed
configure:9255: checking for iLBC_encode in -lilbc
configure:9290: gcc -o conftest  -Os    conftest.c -lilbc   -lilbc >&5
/usr/bin/ld: cannot find -lilbc
collect2: ld returned 1 exit status
configure:9297: $? = 1
configure: failed program was:
| /* confdefs.h.  */
| #define PACKAGE_NAME ""
| #define PACKAGE_TARNAME ""
| #define PACKAGE_VERSION ""
| #define PACKAGE_STRING ""
| #define PACKAGE_BUGREPORT ""
| #define STDC_HEADERS 1
| #define HAVE_SYS_TYPES_H 1
| #define HAVE_SYS_STAT_H 1
| #define HAVE_STDLIB_H 1
| #define HAVE_STRING_H 1
| #define HAVE_MEMORY_H 1
| #define HAVE_STRINGS_H 1
| #define HAVE_INTTYPES_H 1
| #define HAVE_STDINT_H 1
| #define HAVE_UNISTD_H 1
| #define HAVE_STDDEF_H 1
| #define HAVE_LIMITS_H 1
| #define HAVE_FLOAT_H 1
| #define HAVE_FCNTL_H 1
| #define HAVE_SYS_TIME_H 1
| #define HAVE_SYS_FILE_H 1
| #define HAVE_NETINET_IN_H 1
| #define HAVE_FORK 1
| #define HAVE_VFORK 1
| #define HAVE_WORKING_VFORK 1
| #define HAVE_WORKING_FORK 1
| #define SIZEOF_SHORT 2
| #define SIZEOF_INT 4
| #define SIZEOF_LONG 8
| #define SIZEOF_LONG_LONG 8
| /* end confdefs.h.  */
| 
| /* Override any GCC internal prototype to avoid an error.
|    Use char because int might match the return type of a GCC
|    builtin and then its argument prototype would still apply.  */
| #ifdef __cplusplus
| extern "C"
| #endif
| char iLBC_encode ();
| int
| main ()
| {
| return iLBC_encode ();
|   ;
|   return 0;
| }
configure:9318: result: no
configure:9489: checking System iLBC
configure:9491: result: no
configure:9624: checking default to full capabilities at empty fmtp lines
configure:9626: result: yes
configure:9654: checking for LIBAVCODEC
configure:9661: $PKG_CONFIG --exists --print-errors "libavcodec >= 51.11.0"
Package libavcodec was not found in the pkg-config search path.
Perhaps you should add the directory containing `libavcodec.pc'
to the PKG_CONFIG_PATH environment variable
No package 'libavcodec' found
configure:9664: $? = 1
configure:9677: $PKG_CONFIG --exists --print-errors "libavcodec >= 51.11.0"
Package libavcodec was not found in the pkg-config search path.
Perhaps you should add the directory containing `libavcodec.pc'
to the PKG_CONFIG_PATH environment variable
No package 'libavcodec' found
configure:9680: $? = 1
No package 'libavcodec' found
configure:9707: result: no
configure:10279: checking libavcodec source
configure:10300: result: disabled
configure:10374: checking for X264
configure:10381: $PKG_CONFIG --exists --print-errors "x264 >= 0.48"
Package x264 was not found in the pkg-config search path.
Perhaps you should add the directory containing `x264.pc'
to the PKG_CONFIG_PATH environment variable
No package 'x264' found
configure:10384: $? = 1
configure:10397: $PKG_CONFIG --exists --print-errors "x264 >= 0.48"
Package x264 was not found in the pkg-config search path.
Perhaps you should add the directory containing `x264.pc'
to the PKG_CONFIG_PATH environment variable
No package 'x264' found
configure:10400: $? = 1
No package 'x264' found
configure:10427: result: no
configure:10506: checking for THEORA
configure:10513: $PKG_CONFIG --exists --print-errors "theora"
Package theora was not found in the pkg-config search path.
Perhaps you should add the directory containing `theora.pc'
to the PKG_CONFIG_PATH environment variable
No package 'theora' found
configure:10516: $? = 1
configure:10529: $PKG_CONFIG --exists --print-errors "theora"
Package theora was not found in the pkg-config search path.
Perhaps you should add the directory containing `theora.pc'
to the PKG_CONFIG_PATH environment variable
No package 'theora' found
configure:10532: $? = 1
No package 'theora' found
configure:10559: result: no
configure:10599: checking for CELT
configure:10606: $PKG_CONFIG --exists --print-errors "celt"
Package celt was not found in the pkg-config search path.
Perhaps you should add the directory containing `celt.pc'
to the PKG_CONFIG_PATH environment variable
No package 'celt' found
configure:10609: $? = 1
configure:10622: $PKG_CONFIG --exists --print-errors "celt"
Package celt was not found in the pkg-config search path.
Perhaps you should add the directory containing `celt.pc'
to the PKG_CONFIG_PATH environment variable
No package 'celt' found
configure:10625: $? = 1
No package 'celt' found
configure:10652: result: no
configure:10726: checking dlfcn.h usability
configure:10743: gcc -c  -Os   conftest.c >&5
configure:10750: $? = 0
configure:10764: result: yes
configure:10768: checking dlfcn.h presence
configure:10783: gcc -E  conftest.c
configure:10790: $? = 0
configure:10804: result: yes
configure:10832: checking for dlfcn.h
configure:10841: result: yes
configure:10859: checking if dlopen is available
configure:10888: gcc -c  -Os   conftest.c >&5
configure:10895: $? = 0
configure:10913: result: yes
configure:10993: checking for dlopen in -ldl
configure:11028: gcc -o conftest  -Os    conftest.c -ldl   >&5
configure:11035: $? = 0
configure:11056: result: yes
configure:11100: h264 support disabled due to disabled dependency HAVE_X264
configure:11108: h264 support disabled due to disabled dependency HAVE_H264_DECODER
configure:11115: checking enable H.264 support
configure:11117: result: no
configure:11488: checking IXJ
configure:11490: result: no
configure:11526: checking enable voicetronix vpb
configure:11528: result: yes
configure:11564: checking capi20.h usability
configure:11581: gcc -c  -Os   conftest.c >&5
conftest.c:69:20: error: capi20.h: No such file or directory
configure:11588: $? = 1
configure: failed program was:
| /* confdefs.h.  */
| #define PACKAGE_NAME ""
| #define PACKAGE_TARNAME ""
| #define PACKAGE_VERSION ""
| #define PACKAGE_STRING ""
| #define PACKAGE_BUGREPORT ""
| #define STDC_HEADERS 1
| #define HAVE_SYS_TYPES_H 1
| #define HAVE_SYS_STAT_H 1
| #define HAVE_STDLIB_H 1
| #define HAVE_STRING_H 1
| #define HAVE_MEMORY_H 1
| #define HAVE_STRINGS_H 1
| #define HAVE_INTTYPES_H 1
| #define HAVE_STDINT_H 1
| #define HAVE_UNISTD_H 1
| #define HAVE_STDDEF_H 1
| #define HAVE_LIMITS_H 1
| #define HAVE_FLOAT_H 1
| #define HAVE_FCNTL_H 1
| #define HAVE_SYS_TIME_H 1
| #define HAVE_SYS_FILE_H 1
| #define HAVE_NETINET_IN_H 1
| #define HAVE_FORK 1
| #define HAVE_VFORK 1
| #define HAVE_WORKING_VFORK 1
| #define HAVE_WORKING_FORK 1
| #define SIZEOF_SHORT 2
| #define SIZEOF_INT 4
| #define SIZEOF_LONG 8
| #define SIZEOF_LONG_LONG 8
| #define DEFAULT_TO_FULL_CAPABILITIES 1
| #define HAVE_DLFCN_H 1
| #define HAVE_VPB 1
| /* end confdefs.h.  */
| #include <stdio.h>
| #ifdef HAVE_SYS_TYPES_H
| # include <sys/types.h>
| #endif
| #ifdef HAVE_SYS_STAT_H
| # include <sys/stat.h>
| #endif
| #ifdef STDC_HEADERS
| # include <stdlib.h>
| # include <stddef.h>
| #else
| # ifdef HAVE_STDLIB_H
| #  include <stdlib.h>
| # endif
| #endif
| #ifdef HAVE_STRING_H
| # if !defined STDC_HEADERS && defined HAVE_MEMORY_H
| #  include <memory.h>
| # endif
| # include <string.h>
| #endif
| #ifdef HAVE_STRINGS_H
| # include <strings.h>
| #endif
| #ifdef HAVE_INTTYPES_H
| # include <inttypes.h>
| #endif
| #ifdef HAVE_STDINT_H
| # include <stdint.h>
| #endif
| #ifdef HAVE_UNISTD_H
| # include <unistd.h>
| #endif
| #include <capi20.h>
configure:11602: result: no
configure:11606: checking capi20.h presence
configure:11621: gcc -E  conftest.c
conftest.c:36:20: error: capi20.h: No such file or directory
configure:11628: $? = 1
configure: failed program was:
| /* confdefs.h.  */
| #define PACKAGE_NAME ""
| #define PACKAGE_TARNAME ""
| #define PACKAGE_VERSION ""
| #define PACKAGE_STRING ""
| #define PACKAGE_BUGREPORT ""
| #define STDC_HEADERS 1
| #define HAVE_SYS_TYPES_H 1
| #define HAVE_SYS_STAT_H 1
| #define HAVE_STDLIB_H 1
| #define HAVE_STRING_H 1
| #define HAVE_MEMORY_H 1
| #define HAVE_STRINGS_H 1
| #define HAVE_INTTYPES_H 1
| #define HAVE_STDINT_H 1
| #define HAVE_UNISTD_H 1
| #define HAVE_STDDEF_H 1
| #define HAVE_LIMITS_H 1
| #define HAVE_FLOAT_H 1
| #define HAVE_FCNTL_H 1
| #define HAVE_SYS_TIME_H 1
| #define HAVE_SYS_FILE_H 1
| #define HAVE_NETINET_IN_H 1
| #define HAVE_FORK 1
| #define HAVE_VFORK 1
| #define HAVE_WORKING_VFORK 1
| #define HAVE_WORKING_FORK 1
| #define SIZEOF_SHORT 2
| #define SIZEOF_INT 4
| #define SIZEOF_LONG 8
| #define SIZEOF_LONG_LONG 8
| #define DEFAULT_TO_FULL_CAPABILITIES 1
| #define HAVE_DLFCN_H 1
| #define HAVE_VPB 1
| /* end confdefs.h.  */
| #include <capi20.h>
configure:11642: result: no
configure:11670: checking for capi20.h
configure:11679: result: no
configure:11699: checking CAPI
configure:11701: result: no
configure:11717: checking for fax_free in -lspandsp
configure:11752: gcc -o conftest  -Os    conftest.c -lspandsp   -lspandsp >&5
/usr/bin/ld: cannot find -lspandsp
collect2: ld returned 1 exit status
configure:11759: $? = 1
configure: failed program was:
| /* confdefs.h.  */
| #define PACKAGE_NAME ""
| #define PACKAGE_TARNAME ""
| #define PACKAGE_VERSION ""
| #define PACKAGE_STRING ""
| #define PACKAGE_BUGREPORT ""
| #define STDC_HEADERS 1
| #define HAVE_SYS_TYPES_H 1
| #define HAVE_SYS_STAT_H 1
| #define HAVE_STDLIB_H 1
| #define HAVE_STRING_H 1
| #define HAVE_MEMORY_H 1
| #define HAVE_STRINGS_H 1
| #define HAVE_INTTYPES_H 1
| #define HAVE_STDINT_H 1
| #define HAVE_UNISTD_H 1
| #define HAVE_STDDEF_H 1
| #define HAVE_LIMITS_H 1
| #define HAVE_FLOAT_H 1
| #define HAVE_FCNTL_H 1
| #define HAVE_SYS_TIME_H 1
| #define HAVE_SYS_FILE_H 1
| #define HAVE_NETINET_IN_H 1
| #define HAVE_FORK 1
| #define HAVE_VFORK 1
| #define HAVE_WORKING_VFORK 1
| #define HAVE_WORKING_FORK 1
| #define SIZEOF_SHORT 2
| #define SIZEOF_INT 4
| #define SIZEOF_LONG 8
| #define SIZEOF_LONG_LONG 8
| #define DEFAULT_TO_FULL_CAPABILITIES 1
| #define HAVE_DLFCN_H 1
| #define HAVE_VPB 1
| /* end confdefs.h.  */
| 
| /* Override any GCC internal prototype to avoid an error.
|    Use char because int might match the return type of a GCC
|    builtin and then its argument prototype would still apply.  */
| #ifdef __cplusplus
| extern "C"
| #endif
| char fax_free ();
| int
| main ()
| {
| return fax_free ();
|   ;
|   return 0;
| }
configure:11780: result: no
configure:11959: checking for posix_memalign
configure:11988: g++ -c  -Os   conftest.cpp >&5
configure:11995: $? = 0
configure:12000: result: yes
configure:12250: creating ./config.status

## ---------------------- ##
## Running config.status. ##
## ---------------------- ##

This file was extended by config.status, which was
generated by GNU Autoconf 2.63.  Invocation command line was

  CONFIG_FILES    = 
  CONFIG_HEADERS  = 
  CONFIG_LINKS    = 
  CONFIG_COMMANDS = 
  $ ./config.status 

on mcserver

config.status:741: creating audio/G722/Makefile
config.status:741: creating audio/GSM0610/Makefile
config.status:741: creating audio/gsm-amr/Makefile
config.status:741: creating audio/iLBC/Makefile
config.status:741: creating audio/Speex/Makefile
config.status:741: creating audio/LPC_10/Makefile
config.status:741: creating audio/G726/Makefile
config.status:741: creating audio/IMA_ADPCM/Makefile
config.status:741: creating audio/SBC/Makefile
config.status:741: creating audio/celt/Makefile
config.status:741: creating video/H.261-vic/Makefile
config.status:741: creating video/H.263-1998/Makefile
config.status:741: creating video/MPEG4-ffmpeg/Makefile
config.status:741: creating video/H.264/Makefile
config.status:741: creating video/H.264/gpl/Makefile
config.status:741: creating video/THEORA/Makefile
config.status:741: creating LID/IxJ/Makefile
config.status:741: creating LID/VPB/Makefile
config.status:741: creating LID/CAPI/Makefile
config.status:741: creating fax/fax_spandsp/Makefile
config.status:741: creating Makefile
config.status:741: creating audio/Speex/libspeex/speex_config_types.h
configure:13354: creating ./config.status

## ---------------------- ##
## Running config.status. ##
## ---------------------- ##

This file was extended by config.status, which was
generated by GNU Autoconf 2.63.  Invocation command line was

  CONFIG_FILES    = 
  CONFIG_HEADERS  = 
  CONFIG_LINKS    = 
  CONFIG_COMMANDS = 
  $ ./config.status 

on mcserver

config.status:834: creating audio/G722/Makefile
config.status:834: creating audio/GSM0610/Makefile
config.status:834: creating audio/gsm-amr/Makefile
config.status:834: creating audio/iLBC/Makefile
config.status:834: creating audio/Speex/Makefile
config.status:834: creating audio/LPC_10/Makefile
config.status:834: creating audio/G726/Makefile
config.status:834: creating audio/IMA_ADPCM/Makefile
config.status:834: creating audio/SBC/Makefile
config.status:834: creating audio/celt/Makefile
config.status:834: creating video/H.261-vic/Makefile
config.status:834: creating video/H.263-1998/Makefile
config.status:834: creating video/MPEG4-ffmpeg/Makefile
config.status:834: creating video/H.264/Makefile
config.status:834: creating video/H.264/gpl/Makefile
config.status:834: creating video/THEORA/Makefile
config.status:834: creating LID/IxJ/Makefile
config.status:834: creating LID/VPB/Makefile
config.status:834: creating LID/CAPI/Makefile
config.status:834: creating fax/fax_spandsp/Makefile
config.status:834: creating Makefile
config.status:834: creating audio/Speex/libspeex/speex_config_types.h
config.status:834: creating plugin-config.h
config.status:1050: plugin-config.h is unchanged

## ---------------- ##
## Cache variables. ##
## ---------------- ##

ac_cv_build=x86_64-unknown-linux-gnu
ac_cv_c_compiler_gnu=yes
ac_cv_cxx_compiler_gnu=yes
ac_cv_env_CCC_set=
ac_cv_env_CCC_value=
ac_cv_env_CC_set=
ac_cv_env_CC_value=
ac_cv_env_CELT_CFLAGS_set=
ac_cv_env_CELT_CFLAGS_value=
ac_cv_env_CELT_LIBS_set=
ac_cv_env_CELT_LIBS_value=
ac_cv_env_CFLAGS_set=
ac_cv_env_CFLAGS_value=
ac_cv_env_CPPFLAGS_set=
ac_cv_env_CPPFLAGS_value=
ac_cv_env_CPP_set=
ac_cv_env_CPP_value=
ac_cv_env_CXXFLAGS_set=
ac_cv_env_CXXFLAGS_value=
ac_cv_env_CXX_set=
ac_cv_env_CXX_value=
ac_cv_env_LDFLAGS_set=
ac_cv_env_LDFLAGS_value=
ac_cv_env_LIBAVCODEC_CFLAGS_set=
ac_cv_env_LIBAVCODEC_CFLAGS_value=
ac_cv_env_LIBAVCODEC_LIBS_set=
ac_cv_env_LIBAVCODEC_LIBS_value=
ac_cv_env_LIBS_set=
ac_cv_env_LIBS_value=
ac_cv_env_PKG_CONFIG_set=
ac_cv_env_PKG_CONFIG_value=
ac_cv_env_SPEEX_CFLAGS_set=
ac_cv_env_SPEEX_CFLAGS_value=
ac_cv_env_SPEEX_LIBS_set=
ac_cv_env_SPEEX_LIBS_value=
ac_cv_env_THEORA_CFLAGS_set=
ac_cv_env_THEORA_CFLAGS_value=
ac_cv_env_THEORA_LIBS_set=
ac_cv_env_THEORA_LIBS_value=
ac_cv_env_X264_CFLAGS_set=
ac_cv_env_X264_CFLAGS_value=
ac_cv_env_X264_LIBS_set=
ac_cv_env_X264_LIBS_value=
ac_cv_env_build_alias_set=
ac_cv_env_build_alias_value=
ac_cv_env_host_alias_set=
ac_cv_env_host_alias_value=
ac_cv_env_target_alias_set=
ac_cv_env_target_alias_value=
ac_cv_func_fork=yes
ac_cv_func_fork_works=yes
ac_cv_func_vfork=yes
ac_cv_func_vfork_works=yes
ac_cv_header_capi20_h=no
ac_cv_header_dlfcn_h=yes
ac_cv_header_fcntl_h=yes
ac_cv_header_float_h=yes
ac_cv_header_inttypes_h=yes
ac_cv_header_limits_h=yes
ac_cv_header_memory_h=yes
ac_cv_header_netinet_in_h=yes
ac_cv_header_stdc=yes
ac_cv_header_stddef_h=yes
ac_cv_header_stdint_h=yes
ac_cv_header_stdlib_h=yes
ac_cv_header_string_h=yes
ac_cv_header_strings_h=yes
ac_cv_header_sys_file_h=yes
ac_cv_header_sys_stat_h=yes
ac_cv_header_sys_time_h=yes
ac_cv_header_sys_types_h=yes
ac_cv_header_unistd_h=yes
ac_cv_header_vfork_h=no
ac_cv_host=x86_64-unknown-linux-gnu
ac_cv_lib_dl_dlopen=yes
ac_cv_lib_gsm_gsm_create=no
ac_cv_lib_ilbc_iLBC_encode=no
ac_cv_lib_spandsp_fax_free=no
ac_cv_objext=o
ac_cv_path_EGREP='/bin/grep -E'
ac_cv_path_GREP=/bin/grep
ac_cv_path_ac_pt_PKG_CONFIG=/usr/bin/pkg-config
ac_cv_path_install='/usr/bin/install -c'
ac_cv_prog_CPP='gcc -E'
ac_cv_prog_ac_ct_CC=gcc
ac_cv_prog_ac_ct_CXX=g++
ac_cv_prog_ac_ct_LDD=ldd
ac_cv_prog_ac_ct_NM=nm
ac_cv_prog_ac_ct_OBJDUMP=objdump
ac_cv_prog_ac_ct_RANLIB=ranlib
ac_cv_prog_cc_c89=
ac_cv_prog_cc_g=yes
ac_cv_prog_cxx_g=yes
ac_cv_sizeof_int=4
ac_cv_sizeof_long=8
ac_cv_sizeof_long_long=8
ac_cv_sizeof_short=2
ac_cv_target=x86_64-unknown-linux-gnu

## ----------------- ##
## Output variables. ##
## ----------------- ##

AC_PLUGIN_DIR='opal-3.9.0/codecs/audio'
CC='gcc'
CELT_CFLAGS=''
CELT_LIBS=''
CFLAGS=' -Os '
CPP='gcc -E'
CPPFLAGS=''
CXX='g++'
CXXFLAGS=' -Os '
DEFAULT_TO_FULL_CAPABILITIES='yes'
DEFS='-DHAVE_CONFIG_H'
DL_LIBS='-ldl'
ECHO_C=''
ECHO_N='-n'
ECHO_T=''
EGREP='/bin/grep -E'
EXEEXT=''
FAX_PLUGIN_DIR='opal-3.9.0/fax'
GREP='/bin/grep'
GSM_CFLAGS=''
GSM_LIBS=''
GSM_SYSTEM='no'
HAVE_CAPI='no'
HAVE_CELT='no'
HAVE_H263P='no'
HAVE_H264='no'
HAVE_IXJ='no'
HAVE_LIBAVCODEC='no'
HAVE_LIBAVCODEC_RTP_MODE=''
HAVE_LIBDL='yes'
HAVE_MPEG4='no'
HAVE_SBC=''
HAVE_SPANDSP='no'
HAVE_THEORA='no'
HAVE_VPB='yes'
HAVE_X264='no'
ILBC_CFLAGS=''
ILBC_LIBS=''
ILBC_SYSTEM='no'
INSTALL_DATA='${INSTALL} -m 644'
INSTALL_PROGRAM='${INSTALL}'
INSTALL_SCRIPT='${INSTALL}'
LDD='ldd'
LDFLAGS=''
LDSO='-shared -Wl,-soname,$(SONAME)'
LIBAVCODEC_CFLAGS=''
LIBAVCODEC_LIBS=''
LIBAVCODEC_LIB_NAME=''
LIBAVCODEC_SOURCE_DIR=''
LIBOBJS=''
LIBS=''
LID_PLUGIN_DIR='opal-3.9.0/lid'
LTLIBOBJS=''
NM='nm'
OBJDUMP='objdump'
OBJEXT='o'
PACKAGE_BUGREPORT=''
PACKAGE_NAME=''
PACKAGE_STRING=''
PACKAGE_TARNAME=''
PACKAGE_VERSION=''
PATH_SEPARATOR=':'
PKG_CONFIG='/usr/bin/pkg-config'
PLUGINEXT='so'
RANLIB='ranlib'
SHELL='/bin/bash'
SIZE16='short'
SIZE32='int'
SPANDSP_LIBS=''
SPEEX_CFLAGS=''
SPEEX_LIBS=''
SPEEX_SYSTEM='no'
STDCCFLAGS=' -fPIC'
THEORA_CFLAGS=''
THEORA_LIBS=''
VC_PLUGIN_DIR='opal-3.9.0/codecs/video'
WIN32='no'
X264_CFLAGS=''
X264_LIBS=''
X264_LIB_NAME=''
X264_LINK_STATIC='no'
ac_ct_CC='gcc'
ac_ct_CXX='g++'
bindir='${exec_prefix}/bin'
build='x86_64-unknown-linux-gnu'
build_alias=''
build_cpu='x86_64'
build_os='linux-gnu'
build_vendor='unknown'
datadir='${datarootdir}'
datarootdir='${prefix}/share'
docdir='${datarootdir}/doc/${PACKAGE}'
dvidir='${docdir}'
exec_prefix='${prefix}'
host='x86_64-unknown-linux-gnu'
host_alias=''
host_cpu='x86_64'
host_os='linux-gnu'
host_vendor='unknown'
htmldir='${docdir}'
includedir='${prefix}/include'
infodir='${datarootdir}/info'
libdir='${exec_prefix}/lib'
libexecdir='${exec_prefix}/libexec'
localedir='${datarootdir}/locale'
localstatedir='${prefix}/var'
mandir='${datarootdir}/man'
oldincludedir='/usr/include'
pdfdir='${docdir}'
prefix='/opt/t38modem'
program_transform_name='s,x,x,'
psdir='${docdir}'
sbindir='${exec_prefix}/sbin'
sharedstatedir='${prefix}/com'
sysconfdir='${prefix}/etc'
target='x86_64-unknown-linux-gnu'
target_alias=''
target_cpu='x86_64'
target_os='linux-gnu'
target_vendor='unknown'

## ----------- ##
## confdefs.h. ##
## ----------- ##

#define PACKAGE_NAME ""
#define PACKAGE_TARNAME ""
#define PACKAGE_VERSION ""
#define PACKAGE_STRING ""
#define PACKAGE_BUGREPORT ""
#define STDC_HEADERS 1
#define HAVE_SYS_TYPES_H 1
#define HAVE_SYS_STAT_H 1
#define HAVE_STDLIB_H 1
#define HAVE_STRING_H 1
#define HAVE_MEMORY_H 1
#define HAVE_STRINGS_H 1
#define HAVE_INTTYPES_H 1
#define HAVE_STDINT_H 1
#define HAVE_UNISTD_H 1
#define HAVE_STDDEF_H 1
#define HAVE_LIMITS_H 1
#define HAVE_FLOAT_H 1
#define HAVE_FCNTL_H 1
#define HAVE_SYS_TIME_H 1
#define HAVE_SYS_FILE_H 1
#define HAVE_NETINET_IN_H 1
#define HAVE_FORK 1
#define HAVE_VFORK 1
#define HAVE_WORKING_VFORK 1
#define HAVE_WORKING_FORK 1
#define SIZEOF_SHORT 2
#define SIZEOF_INT 4
#define SIZEOF_LONG 8
#define SIZEOF_LONG_LONG 8
#define DEFAULT_TO_FULL_CAPABILITIES 1
#define HAVE_DLFCN_H 1
#define HAVE_VPB 1
#define HAVE_POSIX_MEMALIGN 1

configure: exit 0
